INFO - 2024-04-26 08:40:57 --> Session: Class initialized using 'CodeIgniter\Session\Handlers\FileHandler' driver.
INFO - 2024-04-26 08:40:59 --> Session: Class initialized using 'CodeIgniter\Session\Handlers\FileHandler' driver.
CRITICAL - 2024-04-26 08:40:59 --> CodeIgniter\View\Exceptions\ViewException: Invalid file: "Web/Views/modal/oficinas_regionales.php"
[Method: GET, Route: /]
in SYSTEMPATH\Exceptions\FrameworkException.php on line 41.
 1 SYSTEMPATH\View\View.php(222): CodeIgniter\Exceptions\FrameworkException::forInvalidFile('Web/Views/modal/oficinas_regionales.php')
 2 SYSTEMPATH\Common.php(1171): CodeIgniter\View\View->render('Web/Views/modal/oficinas_regionales', [], true)
 3 APPPATH\Modules\Web\Controllers\Inicio.php(32): view('Web/Views/modal/oficinas_regionales')
 4 SYSTEMPATH\CodeIgniter.php(933): App\Modules\Web\Controllers\Inicio->inicio()
 5 SYSTEMPATH\CodeIgniter.php(509): CodeIgniter\CodeIgniter->runController(Object(App\Modules\Web\Controllers\Inicio))
 6 SYSTEMPATH\CodeIgniter.php(355): CodeIgniter\CodeIgniter->handleRequest(null, Object(Config\Cache), false)
 7 SYSTEMPATH\Boot.php(312): CodeIgniter\CodeIgniter->run()
 8 SYSTEMPATH\Boot.php(67): CodeIgniter\Boot::runCodeIgniter(Object(CodeIgniter\CodeIgniter))
 9 FCPATH\index.php(56): CodeIgniter\Boot::bootWeb(Object(Config\Paths))
10 SYSTEMPATH\Commands\Server\rewrite.php(49): require_once('C:\\xampp\\htdocs\\CDEHJ\\public\\index.php')
INFO - 2024-04-26 08:41:01 --> Session: Class initialized using 'CodeIgniter\Session\Handlers\FileHandler' driver.
INFO - 2024-04-26 08:56:17 --> Session: Class initialized using 'CodeIgniter\Session\Handlers\FileHandler' driver.
CRITICAL - 2024-04-26 08:56:17 --> CodeIgniter\View\Exceptions\ViewException: Invalid file: "Web/Views/modal/oficinas_regionales.php"
[Method: GET, Route: /]
in SYSTEMPATH\Exceptions\FrameworkException.php on line 41.
 1 SYSTEMPATH\View\View.php(222): CodeIgniter\Exceptions\FrameworkException::forInvalidFile('Web/Views/modal/oficinas_regionales.php')
 2 SYSTEMPATH\Common.php(1171): CodeIgniter\View\View->render('Web/Views/modal/oficinas_regionales', [], true)
 3 APPPATH\Modules\Web\Controllers\Inicio.php(32): view('Web/Views/modal/oficinas_regionales')
 4 SYSTEMPATH\CodeIgniter.php(933): App\Modules\Web\Controllers\Inicio->inicio()
 5 SYSTEMPATH\CodeIgniter.php(509): CodeIgniter\CodeIgniter->runController(Object(App\Modules\Web\Controllers\Inicio))
 6 SYSTEMPATH\CodeIgniter.php(355): CodeIgniter\CodeIgniter->handleRequest(null, Object(Config\Cache), false)
 7 SYSTEMPATH\Boot.php(312): CodeIgniter\CodeIgniter->run()
 8 SYSTEMPATH\Boot.php(67): CodeIgniter\Boot::runCodeIgniter(Object(CodeIgniter\CodeIgniter))
 9 FCPATH\index.php(56): CodeIgniter\Boot::bootWeb(Object(Config\Paths))
10 SYSTEMPATH\Commands\Server\rewrite.php(49): require_once('C:\\xampp\\htdocs\\CDEHJ\\public\\index.php')
INFO - 2024-04-26 09:43:00 --> Session: Class initialized using 'CodeIgniter\Session\Handlers\FileHandler' driver.
CRITICAL - 2024-04-26 09:43:00 --> CodeIgniter\View\Exceptions\ViewException: Invalid file: "Web/Views/modal/oficinas_regionales.php"
[Method: GET, Route: /]
in SYSTEMPATH\Exceptions\FrameworkException.php on line 41.
 1 SYSTEMPATH\View\View.php(222): CodeIgniter\Exceptions\FrameworkException::forInvalidFile('Web/Views/modal/oficinas_regionales.php')
 2 SYSTEMPATH\Common.php(1171): CodeIgniter\View\View->render('Web/Views/modal/oficinas_regionales', [], true)
 3 APPPATH\Modules\Web\Controllers\Inicio.php(32): view('Web/Views/modal/oficinas_regionales')
 4 SYSTEMPATH\CodeIgniter.php(933): App\Modules\Web\Controllers\Inicio->inicio()
 5 SYSTEMPATH\CodeIgniter.php(509): CodeIgniter\CodeIgniter->runController(Object(App\Modules\Web\Controllers\Inicio))
 6 SYSTEMPATH\CodeIgniter.php(355): CodeIgniter\CodeIgniter->handleRequest(null, Object(Config\Cache), false)
 7 SYSTEMPATH\Boot.php(312): CodeIgniter\CodeIgniter->run()
 8 SYSTEMPATH\Boot.php(67): CodeIgniter\Boot::runCodeIgniter(Object(CodeIgniter\CodeIgniter))
 9 FCPATH\index.php(56): CodeIgniter\Boot::bootWeb(Object(Config\Paths))
10 SYSTEMPATH\Commands\Server\rewrite.php(49): require_once('C:\\xampp\\htdocs\\CDEHJ\\public\\index.php')
INFO - 2024-04-26 10:16:19 --> Session: Class initialized using 'CodeIgniter\Session\Handlers\FileHandler' driver.
CRITICAL - 2024-04-26 10:16:19 --> CodeIgniter\View\Exceptions\ViewException: Invalid file: "Web/Views/modal/oficinas_regionales.php"
[Method: GET, Route: /]
in SYSTEMPATH\Exceptions\FrameworkException.php on line 41.
 1 SYSTEMPATH\View\View.php(222): CodeIgniter\Exceptions\FrameworkException::forInvalidFile('Web/Views/modal/oficinas_regionales.php')
 2 SYSTEMPATH\Common.php(1171): CodeIgniter\View\View->render('Web/Views/modal/oficinas_regionales', [], true)
 3 APPPATH\Modules\Web\Controllers\Inicio.php(32): view('Web/Views/modal/oficinas_regionales')
 4 SYSTEMPATH\CodeIgniter.php(933): App\Modules\Web\Controllers\Inicio->inicio()
 5 SYSTEMPATH\CodeIgniter.php(509): CodeIgniter\CodeIgniter->runController(Object(App\Modules\Web\Controllers\Inicio))
 6 SYSTEMPATH\CodeIgniter.php(355): CodeIgniter\CodeIgniter->handleRequest(null, Object(Config\Cache), false)
 7 SYSTEMPATH\Boot.php(312): CodeIgniter\CodeIgniter->run()
 8 SYSTEMPATH\Boot.php(67): CodeIgniter\Boot::runCodeIgniter(Object(CodeIgniter\CodeIgniter))
 9 FCPATH\index.php(56): CodeIgniter\Boot::bootWeb(Object(Config\Paths))
10 SYSTEMPATH\Commands\Server\rewrite.php(49): require_once('C:\\xampp\\htdocs\\CDEHJ\\public\\index.php')
INFO - 2024-04-26 10:22:50 --> Session: Class initialized using 'CodeIgniter\Session\Handlers\FileHandler' driver.
CRITICAL - 2024-04-26 10:22:50 --> ErrorException: Undefined variable $mapa_regional
[Method: GET, Route: /]
in APPPATH\Modules\Web\Views\inicio.php on line 369.
 1 APPPATH\Modules\Web\Views\inicio.php(369): CodeIgniter\Debug\Exceptions->errorHandler(2, 'Undefined variable $mapa_regional', 'C:\\xampp\\htdocs\\CDEHJ\\app\\Modules\\Web\\Views\\inicio.php', 369)
 2 SYSTEMPATH\View\View.php(234): include('C:\\xampp\\htdocs\\CDEHJ\\app\\Modules\\Web\\Views\\inicio.php')
 3 SYSTEMPATH\View\View.php(237): CodeIgniter\View\View->CodeIgniter\View\{closure}()
 4 SYSTEMPATH\Common.php(1171): CodeIgniter\View\View->render('Web/Views/inicio', [], true)
 5 APPPATH\Controllers\BaseController.php(89): view('Web/Views/inicio', [...])
 6 APPPATH\Modules\Web\Controllers\Inicio.php(32): App\Controllers\BaseController->renderPaginaView([...], [...])
 7 SYSTEMPATH\CodeIgniter.php(933): App\Modules\Web\Controllers\Inicio->inicio()
 8 SYSTEMPATH\CodeIgniter.php(509): CodeIgniter\CodeIgniter->runController(Object(App\Modules\Web\Controllers\Inicio))
 9 SYSTEMPATH\CodeIgniter.php(355): CodeIgniter\CodeIgniter->handleRequest(null, Object(Config\Cache), false)
10 SYSTEMPATH\Boot.php(312): CodeIgniter\CodeIgniter->run()
11 SYSTEMPATH\Boot.php(67): CodeIgniter\Boot::runCodeIgniter(Object(CodeIgniter\CodeIgniter))
12 FCPATH\index.php(56): CodeIgniter\Boot::bootWeb(Object(Config\Paths))
13 SYSTEMPATH\Commands\Server\rewrite.php(49): require_once('C:\\xampp\\htdocs\\CDEHJ\\public\\index.php')
INFO - 2024-04-26 10:25:34 --> Session: Class initialized using 'CodeIgniter\Session\Handlers\FileHandler' driver.
CRITICAL - 2024-04-26 10:25:34 --> ErrorException: Undefined variable $mapa_regional
[Method: GET, Route: /]
in APPPATH\Modules\Web\Views\inicio.php on line 369.
 1 APPPATH\Modules\Web\Views\inicio.php(369): CodeIgniter\Debug\Exceptions->errorHandler(2, 'Undefined variable $mapa_regional', 'C:\\xampp\\htdocs\\CDEHJ\\app\\Modules\\Web\\Views\\inicio.php', 369)
 2 SYSTEMPATH\View\View.php(234): include('C:\\xampp\\htdocs\\CDEHJ\\app\\Modules\\Web\\Views\\inicio.php')
 3 SYSTEMPATH\View\View.php(237): CodeIgniter\View\View->CodeIgniter\View\{closure}()
 4 SYSTEMPATH\Common.php(1171): CodeIgniter\View\View->render('Web/Views/inicio', [], true)
 5 APPPATH\Controllers\BaseController.php(89): view('Web/Views/inicio', [...])
 6 APPPATH\Modules\Web\Controllers\Inicio.php(33): App\Controllers\BaseController->renderPaginaView([...], [...])
 7 SYSTEMPATH\CodeIgniter.php(933): App\Modules\Web\Controllers\Inicio->inicio()
 8 SYSTEMPATH\CodeIgniter.php(509): CodeIgniter\CodeIgniter->runController(Object(App\Modules\Web\Controllers\Inicio))
 9 SYSTEMPATH\CodeIgniter.php(355): CodeIgniter\CodeIgniter->handleRequest(null, Object(Config\Cache), false)
10 SYSTEMPATH\Boot.php(312): CodeIgniter\CodeIgniter->run()
11 SYSTEMPATH\Boot.php(67): CodeIgniter\Boot::runCodeIgniter(Object(CodeIgniter\CodeIgniter))
12 FCPATH\index.php(56): CodeIgniter\Boot::bootWeb(Object(Config\Paths))
13 SYSTEMPATH\Commands\Server\rewrite.php(49): require_once('C:\\xampp\\htdocs\\CDEHJ\\public\\index.php')
INFO - 2024-04-26 10:25:49 --> Session: Class initialized using 'CodeIgniter\Session\Handlers\FileHandler' driver.
INFO - 2024-04-26 10:26:12 --> Session: Class initialized using 'CodeIgniter\Session\Handlers\FileHandler' driver.
INFO - 2024-04-26 10:27:10 --> Session: Class initialized using 'CodeIgniter\Session\Handlers\FileHandler' driver.
INFO - 2024-04-26 10:27:12 --> Session: Class initialized using 'CodeIgniter\Session\Handlers\FileHandler' driver.
INFO - 2024-04-26 10:27:14 --> Session: Class initialized using 'CodeIgniter\Session\Handlers\FileHandler' driver.
INFO - 2024-04-26 10:31:42 --> Session: Class initialized using 'CodeIgniter\Session\Handlers\FileHandler' driver.
INFO - 2024-04-26 10:32:42 --> Session: Class initialized using 'CodeIgniter\Session\Handlers\FileHandler' driver.
CRITICAL - 2024-04-26 10:32:42 --> CodeIgniter\View\Exceptions\ViewException: Invalid file: "Web/Views/partials/accesibilidad.php"
[Method: GET, Route: /]
in SYSTEMPATH\Exceptions\FrameworkException.php on line 41.
 1 SYSTEMPATH\View\View.php(222): CodeIgniter\Exceptions\FrameworkException::forInvalidFile('Web/Views/partials/accesibilidad.php')
 2 SYSTEMPATH\Common.php(1171): CodeIgniter\View\View->render('Web/Views/partials/accesibilidad', [], true)
 3 APPPATH\Controllers\BaseController.php(86): view('Web/Views/partials/accesibilidad', [...])
 4 APPPATH\Modules\Web\Controllers\Inicio.php(33): App\Controllers\BaseController->renderPaginaView([...], [...])
 5 SYSTEMPATH\CodeIgniter.php(933): App\Modules\Web\Controllers\Inicio->inicio()
 6 SYSTEMPATH\CodeIgniter.php(509): CodeIgniter\CodeIgniter->runController(Object(App\Modules\Web\Controllers\Inicio))
 7 SYSTEMPATH\CodeIgniter.php(355): CodeIgniter\CodeIgniter->handleRequest(null, Object(Config\Cache), false)
 8 SYSTEMPATH\Boot.php(312): CodeIgniter\CodeIgniter->run()
 9 SYSTEMPATH\Boot.php(67): CodeIgniter\Boot::runCodeIgniter(Object(CodeIgniter\CodeIgniter))
10 FCPATH\index.php(56): CodeIgniter\Boot::bootWeb(Object(Config\Paths))
11 SYSTEMPATH\Commands\Server\rewrite.php(49): require_once('C:\\xampp\\htdocs\\CDEHJ\\public\\index.php')
INFO - 2024-04-26 10:33:10 --> Session: Class initialized using 'CodeIgniter\Session\Handlers\FileHandler' driver.
INFO - 2024-04-26 10:33:53 --> Session: Class initialized using 'CodeIgniter\Session\Handlers\FileHandler' driver.
INFO - 2024-04-26 10:40:50 --> Session: Class initialized using 'CodeIgniter\Session\Handlers\FileHandler' driver.
INFO - 2024-04-26 11:31:17 --> Session: Class initialized using 'CodeIgniter\Session\Handlers\FileHandler' driver.
CRITICAL - 2024-04-26 11:31:17 --> CodeIgniter\View\Exceptions\ViewException: Invalid file: "transparencia/fracciones/articulo_8.php"
[Method: GET, Route: transparencia/inicio]
in SYSTEMPATH\Exceptions\FrameworkException.php on line 41.
 1 SYSTEMPATH\View\View.php(222): CodeIgniter\Exceptions\FrameworkException::forInvalidFile('transparencia/fracciones/articulo_8.php')
 2 SYSTEMPATH\Common.php(1171): CodeIgniter\View\View->render('transparencia/fracciones/articulo_8.php', [], true)
 3 APPPATH\Modules\Web\Controllers\Transparencia.php(46): view('transparencia/fracciones/articulo_8.php')
 4 SYSTEMPATH\CodeIgniter.php(933): App\Modules\Web\Controllers\Transparencia->inicio()
 5 SYSTEMPATH\CodeIgniter.php(509): CodeIgniter\CodeIgniter->runController(Object(App\Modules\Web\Controllers\Transparencia))
 6 SYSTEMPATH\CodeIgniter.php(355): CodeIgniter\CodeIgniter->handleRequest(null, Object(Config\Cache), false)
 7 SYSTEMPATH\Boot.php(312): CodeIgniter\CodeIgniter->run()
 8 SYSTEMPATH\Boot.php(67): CodeIgniter\Boot::runCodeIgniter(Object(CodeIgniter\CodeIgniter))
 9 FCPATH\index.php(56): CodeIgniter\Boot::bootWeb(Object(Config\Paths))
10 SYSTEMPATH\Commands\Server\rewrite.php(49): require_once('C:\\xampp\\htdocs\\CDEHJ\\public\\index.php')
INFO - 2024-04-26 11:53:43 --> Session: Class initialized using 'CodeIgniter\Session\Handlers\FileHandler' driver.
INFO - 2024-04-26 12:09:36 --> Session: Class initialized using 'CodeIgniter\Session\Handlers\FileHandler' driver.
INFO - 2024-04-26 12:30:04 --> Session: Class initialized using 'CodeIgniter\Session\Handlers\FileHandler' driver.
INFO - 2024-04-26 12:30:15 --> Session: Class initialized using 'CodeIgniter\Session\Handlers\FileHandler' driver.
INFO - 2024-04-26 12:32:42 --> Session: Class initialized using 'CodeIgniter\Session\Handlers\FileHandler' driver.
INFO - 2024-04-26 12:33:16 --> Session: Class initialized using 'CodeIgniter\Session\Handlers\FileHandler' driver.
INFO - 2024-04-26 13:13:14 --> Session: Class initialized using 'CodeIgniter\Session\Handlers\FileHandler' driver.
INFO - 2024-04-26 13:17:52 --> Session: Class initialized using 'CodeIgniter\Session\Handlers\FileHandler' driver.
INFO - 2024-04-26 13:18:26 --> Session: Class initialized using 'CodeIgniter\Session\Handlers\FileHandler' driver.
INFO - 2024-04-26 13:37:21 --> Session: Class initialized using 'CodeIgniter\Session\Handlers\FileHandler' driver.
CRITICAL - 2024-04-26 13:37:21 --> Error: Class "App\Modules\Web\Controllers\CurriculumModel" not found
[Method: GET, Route: conocenos/estructura]
in APPPATH\Modules\Web\Controllers\Conocenos.php on line 20.
 1 SYSTEMPATH\CodeIgniter.php(903): App\Modules\Web\Controllers\Conocenos->__construct()
 2 SYSTEMPATH\CodeIgniter.php(500): CodeIgniter\CodeIgniter->createController()
 3 SYSTEMPATH\CodeIgniter.php(355): CodeIgniter\CodeIgniter->handleRequest(null, Object(Config\Cache), false)
 4 SYSTEMPATH\Boot.php(312): CodeIgniter\CodeIgniter->run()
 5 SYSTEMPATH\Boot.php(67): CodeIgniter\Boot::runCodeIgniter(Object(CodeIgniter\CodeIgniter))
 6 FCPATH\index.php(56): CodeIgniter\Boot::bootWeb(Object(Config\Paths))
 7 SYSTEMPATH\Commands\Server\rewrite.php(49): require_once('C:\\xampp\\htdocs\\CDEHJ\\public\\index.php')
INFO - 2024-04-26 14:28:42 --> Session: Class initialized using 'CodeIgniter\Session\Handlers\FileHandler' driver.
CRITICAL - 2024-04-26 14:28:42 --> Error: Class "App\Modules\Web\Controllers\CurriculumModel" not found
[Method: GET, Route: conocenos/estructura]
in APPPATH\Modules\Web\Controllers\Conocenos.php on line 20.
 1 SYSTEMPATH\CodeIgniter.php(903): App\Modules\Web\Controllers\Conocenos->__construct()
 2 SYSTEMPATH\CodeIgniter.php(500): CodeIgniter\CodeIgniter->createController()
 3 SYSTEMPATH\CodeIgniter.php(355): CodeIgniter\CodeIgniter->handleRequest(null, Object(Config\Cache), false)
 4 SYSTEMPATH\Boot.php(312): CodeIgniter\CodeIgniter->run()
 5 SYSTEMPATH\Boot.php(67): CodeIgniter\Boot::runCodeIgniter(Object(CodeIgniter\CodeIgniter))
 6 FCPATH\index.php(56): CodeIgniter\Boot::bootWeb(Object(Config\Paths))
 7 SYSTEMPATH\Commands\Server\rewrite.php(49): require_once('C:\\xampp\\htdocs\\CDEHJ\\public\\index.php')
INFO - 2024-04-26 17:38:10 --> Session: Class initialized using 'CodeIgniter\Session\Handlers\FileHandler' driver.
CRITICAL - 2024-04-26 17:38:10 --> Error: Class "App\Modules\Web\Controllers\CurriculumModel" not found
[Method: GET, Route: conocenos/estructura]
in APPPATH\Modules\Web\Controllers\Conocenos.php on line 20.
 1 SYSTEMPATH\CodeIgniter.php(903): App\Modules\Web\Controllers\Conocenos->__construct()
 2 SYSTEMPATH\CodeIgniter.php(500): CodeIgniter\CodeIgniter->createController()
 3 SYSTEMPATH\CodeIgniter.php(355): CodeIgniter\CodeIgniter->handleRequest(null, Object(Config\Cache), false)
 4 SYSTEMPATH\Boot.php(312): CodeIgniter\CodeIgniter->run()
 5 SYSTEMPATH\Boot.php(67): CodeIgniter\Boot::runCodeIgniter(Object(CodeIgniter\CodeIgniter))
 6 FCPATH\index.php(56): CodeIgniter\Boot::bootWeb(Object(Config\Paths))
 7 SYSTEMPATH\Commands\Server\rewrite.php(49): require_once('C:\\xampp\\htdocs\\CDEHJ\\public\\index.php')
INFO - 2024-04-26 17:43:42 --> Session: Class initialized using 'CodeIgniter\Session\Handlers\FileHandler' driver.
CRITICAL - 2024-04-26 17:43:42 --> Error: Class "App\Modules\Web\Controllers\ConocenosModel" not found
[Method: GET, Route: conocenos/estructura]
in APPPATH\Modules\Web\Controllers\Conocenos.php on line 20.
 1 SYSTEMPATH\CodeIgniter.php(903): App\Modules\Web\Controllers\Conocenos->__construct()
 2 SYSTEMPATH\CodeIgniter.php(500): CodeIgniter\CodeIgniter->createController()
 3 SYSTEMPATH\CodeIgniter.php(355): CodeIgniter\CodeIgniter->handleRequest(null, Object(Config\Cache), false)
 4 SYSTEMPATH\Boot.php(312): CodeIgniter\CodeIgniter->run()
 5 SYSTEMPATH\Boot.php(67): CodeIgniter\Boot::runCodeIgniter(Object(CodeIgniter\CodeIgniter))
 6 FCPATH\index.php(56): CodeIgniter\Boot::bootWeb(Object(Config\Paths))
 7 SYSTEMPATH\Commands\Server\rewrite.php(49): require_once('C:\\xampp\\htdocs\\CDEHJ\\public\\index.php')
INFO - 2024-04-26 17:45:35 --> Session: Class initialized using 'CodeIgniter\Session\Handlers\FileHandler' driver.
CRITICAL - 2024-04-26 17:45:35 --> Error: Class "App\Modules\Web\Controllers\ConocenosModel" not found
[Method: GET, Route: conocenos/estructura]
in APPPATH\Modules\Web\Controllers\Conocenos.php on line 20.
 1 SYSTEMPATH\CodeIgniter.php(903): App\Modules\Web\Controllers\Conocenos->__construct()
 2 SYSTEMPATH\CodeIgniter.php(500): CodeIgniter\CodeIgniter->createController()
 3 SYSTEMPATH\CodeIgniter.php(355): CodeIgniter\CodeIgniter->handleRequest(null, Object(Config\Cache), false)
 4 SYSTEMPATH\Boot.php(312): CodeIgniter\CodeIgniter->run()
 5 SYSTEMPATH\Boot.php(67): CodeIgniter\Boot::runCodeIgniter(Object(CodeIgniter\CodeIgniter))
 6 FCPATH\index.php(56): CodeIgniter\Boot::bootWeb(Object(Config\Paths))
 7 SYSTEMPATH\Commands\Server\rewrite.php(49): require_once('C:\\xampp\\htdocs\\CDEHJ\\public\\index.php')
INFO - 2024-04-26 18:18:11 --> Session: Class initialized using 'CodeIgniter\Session\Handlers\FileHandler' driver.
CRITICAL - 2024-04-26 18:18:12 --> ErrorException: Attempt to read property "permiso_mesa_solicitudes" on null
[Method: GET, Route: conocenos/estructura]
in APPPATH\Modules\Panel\Mesa\Views\menu_modulo.php on line 29.
 1 APPPATH\Modules\Panel\Mesa\Views\menu_modulo.php(29): CodeIgniter\Debug\Exceptions->errorHandler(2, 'Attempt to read property "permiso_mesa_solicitudes" on null', 'C:\\xampp\\htdocs\\CDEHJ\\app\\Modules\\Panel\\Mesa\\Views\\menu_modulo.php', 29)
 2 APPPATH\Modules\Panel\base\menu.php(35): require_once('C:\\xampp\\htdocs\\CDEHJ\\app\\Modules\\Panel\\Mesa\\Views\\menu_modulo.php')
 3 SYSTEMPATH\View\View.php(234): include('C:\\xampp\\htdocs\\CDEHJ\\app\\Modules\\Panel\\base\\menu.php')
 4 SYSTEMPATH\View\View.php(237): CodeIgniter\View\View->CodeIgniter\View\{closure}()
 5 SYSTEMPATH\Common.php(1171): CodeIgniter\View\View->render('Panel/base/menu', [], true)
 6 APPPATH\Controllers\BaseController.php(99): view('Panel/base/menu', [...])
 7 APPPATH\Modules\Web\Controllers\Conocenos.php(77): App\Controllers\BaseController->renderPanelView([...], [...])
 8 SYSTEMPATH\CodeIgniter.php(933): App\Modules\Web\Controllers\Conocenos->estructura()
 9 SYSTEMPATH\CodeIgniter.php(509): CodeIgniter\CodeIgniter->runController(Object(App\Modules\Web\Controllers\Conocenos))
10 SYSTEMPATH\CodeIgniter.php(355): CodeIgniter\CodeIgniter->handleRequest(null, Object(Config\Cache), false)
11 SYSTEMPATH\Boot.php(312): CodeIgniter\CodeIgniter->run()
12 SYSTEMPATH\Boot.php(67): CodeIgniter\Boot::runCodeIgniter(Object(CodeIgniter\CodeIgniter))
13 FCPATH\index.php(56): CodeIgniter\Boot::bootWeb(Object(Config\Paths))
14 SYSTEMPATH\Commands\Server\rewrite.php(49): require_once('C:\\xampp\\htdocs\\CDEHJ\\public\\index.php')
INFO - 2024-04-26 18:38:53 --> Session: Class initialized using 'CodeIgniter\Session\Handlers\FileHandler' driver.
CRITICAL - 2024-04-26 18:38:53 --> ErrorException: Attempt to read property "permiso_mesa_solicitudes" on null
[Method: GET, Route: conocenos/estructura]
in APPPATH\Modules\Panel\Mesa\Views\menu_modulo.php on line 29.
 1 APPPATH\Modules\Panel\Mesa\Views\menu_modulo.php(29): CodeIgniter\Debug\Exceptions->errorHandler(2, 'Attempt to read property "permiso_mesa_solicitudes" on null', 'C:\\xampp\\htdocs\\CDEHJ\\app\\Modules\\Panel\\Mesa\\Views\\menu_modulo.php', 29)
 2 APPPATH\Modules\Panel\base\menu.php(35): require_once('C:\\xampp\\htdocs\\CDEHJ\\app\\Modules\\Panel\\Mesa\\Views\\menu_modulo.php')
 3 SYSTEMPATH\View\View.php(234): include('C:\\xampp\\htdocs\\CDEHJ\\app\\Modules\\Panel\\base\\menu.php')
 4 SYSTEMPATH\View\View.php(237): CodeIgniter\View\View->CodeIgniter\View\{closure}()
 5 SYSTEMPATH\Common.php(1171): CodeIgniter\View\View->render('Panel/base/menu', [], true)
 6 APPPATH\Controllers\BaseController.php(99): view('Panel/base/menu', [...])
 7 APPPATH\Modules\Web\Controllers\Conocenos.php(46): App\Controllers\BaseController->renderPanelView([...], [...])
 8 SYSTEMPATH\CodeIgniter.php(933): App\Modules\Web\Controllers\Conocenos->estructura()
 9 SYSTEMPATH\CodeIgniter.php(509): CodeIgniter\CodeIgniter->runController(Object(App\Modules\Web\Controllers\Conocenos))
10 SYSTEMPATH\CodeIgniter.php(355): CodeIgniter\CodeIgniter->handleRequest(null, Object(Config\Cache), false)
11 SYSTEMPATH\Boot.php(312): CodeIgniter\CodeIgniter->run()
12 SYSTEMPATH\Boot.php(67): CodeIgniter\Boot::runCodeIgniter(Object(CodeIgniter\CodeIgniter))
13 FCPATH\index.php(56): CodeIgniter\Boot::bootWeb(Object(Config\Paths))
14 SYSTEMPATH\Commands\Server\rewrite.php(49): require_once('C:\\xampp\\htdocs\\CDEHJ\\public\\index.php')
INFO - 2024-04-26 18:39:06 --> Session: Class initialized using 'CodeIgniter\Session\Handlers\FileHandler' driver.
INFO - 2024-04-26 18:39:11 --> Session: Class initialized using 'CodeIgniter\Session\Handlers\FileHandler' driver.
CRITICAL - 2024-04-26 18:39:11 --> ErrorException: Attempt to read property "permiso_mesa_solicitudes" on null
[Method: GET, Route: conocenos/estructura]
in APPPATH\Modules\Panel\Mesa\Views\menu_modulo.php on line 29.
 1 APPPATH\Modules\Panel\Mesa\Views\menu_modulo.php(29): CodeIgniter\Debug\Exceptions->errorHandler(2, 'Attempt to read property "permiso_mesa_solicitudes" on null', 'C:\\xampp\\htdocs\\CDEHJ\\app\\Modules\\Panel\\Mesa\\Views\\menu_modulo.php', 29)
 2 APPPATH\Modules\Panel\base\menu.php(35): require_once('C:\\xampp\\htdocs\\CDEHJ\\app\\Modules\\Panel\\Mesa\\Views\\menu_modulo.php')
 3 SYSTEMPATH\View\View.php(234): include('C:\\xampp\\htdocs\\CDEHJ\\app\\Modules\\Panel\\base\\menu.php')
 4 SYSTEMPATH\View\View.php(237): CodeIgniter\View\View->CodeIgniter\View\{closure}()
 5 SYSTEMPATH\Common.php(1171): CodeIgniter\View\View->render('Panel/base/menu', [], true)
 6 APPPATH\Controllers\BaseController.php(99): view('Panel/base/menu', [...])
 7 APPPATH\Modules\Web\Controllers\Conocenos.php(46): App\Controllers\BaseController->renderPanelView([...], [...])
 8 SYSTEMPATH\CodeIgniter.php(933): App\Modules\Web\Controllers\Conocenos->estructura()
 9 SYSTEMPATH\CodeIgniter.php(509): CodeIgniter\CodeIgniter->runController(Object(App\Modules\Web\Controllers\Conocenos))
10 SYSTEMPATH\CodeIgniter.php(355): CodeIgniter\CodeIgniter->handleRequest(null, Object(Config\Cache), false)
11 SYSTEMPATH\Boot.php(312): CodeIgniter\CodeIgniter->run()
12 SYSTEMPATH\Boot.php(67): CodeIgniter\Boot::runCodeIgniter(Object(CodeIgniter\CodeIgniter))
13 FCPATH\index.php(56): CodeIgniter\Boot::bootWeb(Object(Config\Paths))
14 SYSTEMPATH\Commands\Server\rewrite.php(49): require_once('C:\\xampp\\htdocs\\CDEHJ\\public\\index.php')
INFO - 2024-04-26 18:47:39 --> Session: Class initialized using 'CodeIgniter\Session\Handlers\FileHandler' driver.
INFO - 2024-04-26 18:54:31 --> Session: Class initialized using 'CodeIgniter\Session\Handlers\FileHandler' driver.
INFO - 2024-04-26 18:54:33 --> Session: Class initialized using 'CodeIgniter\Session\Handlers\FileHandler' driver.
