INFO - 2024-06-05 08:59:01 --> Session: Class initialized using 'CodeIgniter\Session\Handlers\FileHandler' driver.
INFO - 2024-06-05 09:04:09 --> Session: Class initialized using 'CodeIgniter\Session\Handlers\FileHandler' driver.
INFO - 2024-06-05 09:04:11 --> Session: Class initialized using 'CodeIgniter\Session\Handlers\FileHandler' driver.
INFO - 2024-06-05 09:05:22 --> Session: Class initialized using 'CodeIgniter\Session\Handlers\FileHandler' driver.
INFO - 2024-06-05 09:14:49 --> Session: Class initialized using 'CodeIgniter\Session\Handlers\FileHandler' driver.
INFO - 2024-06-05 09:15:40 --> Session: Class initialized using 'CodeIgniter\Session\Handlers\FileHandler' driver.
INFO - 2024-06-05 09:25:02 --> Session: Class initialized using 'CodeIgniter\Session\Handlers\FileHandler' driver.
INFO - 2024-06-05 09:27:33 --> Session: Class initialized using 'CodeIgniter\Session\Handlers\FileHandler' driver.
INFO - 2024-06-05 09:27:45 --> Session: Class initialized using 'CodeIgniter\Session\Handlers\FileHandler' driver.
INFO - 2024-06-05 09:31:49 --> Session: Class initialized using 'CodeIgniter\Session\Handlers\FileHandler' driver.
INFO - 2024-06-05 09:31:59 --> Session: Class initialized using 'CodeIgniter\Session\Handlers\FileHandler' driver.
INFO - 2024-06-05 09:32:10 --> Session: Class initialized using 'CodeIgniter\Session\Handlers\FileHandler' driver.
INFO - 2024-06-05 09:33:23 --> Session: Class initialized using 'CodeIgniter\Session\Handlers\FileHandler' driver.
INFO - 2024-06-05 09:34:00 --> Session: Class initialized using 'CodeIgniter\Session\Handlers\FileHandler' driver.
INFO - 2024-06-05 09:34:14 --> Session: Class initialized using 'CodeIgniter\Session\Handlers\FileHandler' driver.
INFO - 2024-06-05 09:34:16 --> Session: Class initialized using 'CodeIgniter\Session\Handlers\FileHandler' driver.
INFO - 2024-06-05 09:34:27 --> Session: Class initialized using 'CodeIgniter\Session\Handlers\FileHandler' driver.
INFO - 2024-06-05 09:37:46 --> Session: Class initialized using 'CodeIgniter\Session\Handlers\FileHandler' driver.
INFO - 2024-06-05 09:39:10 --> Session: Class initialized using 'CodeIgniter\Session\Handlers\FileHandler' driver.
INFO - 2024-06-05 09:42:54 --> Session: Class initialized using 'CodeIgniter\Session\Handlers\FileHandler' driver.
INFO - 2024-06-05 09:42:56 --> Session: Class initialized using 'CodeIgniter\Session\Handlers\FileHandler' driver.
INFO - 2024-06-05 10:03:56 --> Session: Class initialized using 'CodeIgniter\Session\Handlers\FileHandler' driver.
INFO - 2024-06-05 10:03:57 --> Session: Class initialized using 'CodeIgniter\Session\Handlers\FileHandler' driver.
INFO - 2024-06-05 10:03:58 --> Session: Class initialized using 'CodeIgniter\Session\Handlers\FileHandler' driver.
INFO - 2024-06-05 10:04:07 --> Session: Class initialized using 'CodeIgniter\Session\Handlers\FileHandler' driver.
INFO - 2024-06-05 10:04:14 --> Session: Class initialized using 'CodeIgniter\Session\Handlers\FileHandler' driver.
INFO - 2024-06-05 10:04:16 --> Session: Class initialized using 'CodeIgniter\Session\Handlers\FileHandler' driver.
INFO - 2024-06-05 10:04:18 --> Session: Class initialized using 'CodeIgniter\Session\Handlers\FileHandler' driver.
INFO - 2024-06-05 10:04:25 --> Session: Class initialized using 'CodeIgniter\Session\Handlers\FileHandler' driver.
INFO - 2024-06-05 10:04:47 --> Session: Class initialized using 'CodeIgniter\Session\Handlers\FileHandler' driver.
INFO - 2024-06-05 10:05:59 --> Session: Class initialized using 'CodeIgniter\Session\Handlers\FileHandler' driver.
INFO - 2024-06-05 10:06:04 --> Session: Class initialized using 'CodeIgniter\Session\Handlers\FileHandler' driver.
INFO - 2024-06-05 10:06:07 --> Session: Class initialized using 'CodeIgniter\Session\Handlers\FileHandler' driver.
INFO - 2024-06-05 10:06:09 --> Session: Class initialized using 'CodeIgniter\Session\Handlers\FileHandler' driver.
INFO - 2024-06-05 10:06:18 --> Session: Class initialized using 'CodeIgniter\Session\Handlers\FileHandler' driver.
INFO - 2024-06-05 10:06:22 --> Session: Class initialized using 'CodeIgniter\Session\Handlers\FileHandler' driver.
INFO - 2024-06-05 10:06:26 --> Session: Class initialized using 'CodeIgniter\Session\Handlers\FileHandler' driver.
INFO - 2024-06-05 10:06:28 --> Session: Class initialized using 'CodeIgniter\Session\Handlers\FileHandler' driver.
INFO - 2024-06-05 10:06:35 --> Session: Class initialized using 'CodeIgniter\Session\Handlers\FileHandler' driver.
INFO - 2024-06-05 10:06:38 --> Session: Class initialized using 'CodeIgniter\Session\Handlers\FileHandler' driver.
INFO - 2024-06-05 10:06:39 --> Session: Class initialized using 'CodeIgniter\Session\Handlers\FileHandler' driver.
INFO - 2024-06-05 10:06:53 --> Session: Class initialized using 'CodeIgniter\Session\Handlers\FileHandler' driver.
INFO - 2024-06-05 10:07:15 --> Session: Class initialized using 'CodeIgniter\Session\Handlers\FileHandler' driver.
INFO - 2024-06-05 10:07:24 --> Session: Class initialized using 'CodeIgniter\Session\Handlers\FileHandler' driver.
INFO - 2024-06-05 10:18:27 --> Session: Class initialized using 'CodeIgniter\Session\Handlers\FileHandler' driver.
INFO - 2024-06-05 10:18:37 --> Session: Class initialized using 'CodeIgniter\Session\Handlers\FileHandler' driver.
INFO - 2024-06-05 10:18:38 --> Session: Class initialized using 'CodeIgniter\Session\Handlers\FileHandler' driver.
INFO - 2024-06-05 10:18:42 --> Session: Class initialized using 'CodeIgniter\Session\Handlers\FileHandler' driver.
INFO - 2024-06-05 10:44:39 --> Session: Class initialized using 'CodeIgniter\Session\Handlers\FileHandler' driver.
INFO - 2024-06-05 10:44:42 --> Session: Class initialized using 'CodeIgniter\Session\Handlers\FileHandler' driver.
INFO - 2024-06-05 10:45:56 --> Session: Class initialized using 'CodeIgniter\Session\Handlers\FileHandler' driver.
INFO - 2024-06-05 10:45:58 --> Session: Class initialized using 'CodeIgniter\Session\Handlers\FileHandler' driver.
INFO - 2024-06-05 10:46:23 --> Session: Class initialized using 'CodeIgniter\Session\Handlers\FileHandler' driver.
INFO - 2024-06-05 10:46:24 --> Session: Class initialized using 'CodeIgniter\Session\Handlers\FileHandler' driver.
INFO - 2024-06-05 10:46:47 --> Session: Class initialized using 'CodeIgniter\Session\Handlers\FileHandler' driver.
INFO - 2024-06-05 10:46:48 --> Session: Class initialized using 'CodeIgniter\Session\Handlers\FileHandler' driver.
INFO - 2024-06-05 10:56:33 --> Session: Class initialized using 'CodeIgniter\Session\Handlers\FileHandler' driver.
INFO - 2024-06-05 10:56:35 --> Session: Class initialized using 'CodeIgniter\Session\Handlers\FileHandler' driver.
INFO - 2024-06-05 11:00:23 --> Session: Class initialized using 'CodeIgniter\Session\Handlers\FileHandler' driver.
INFO - 2024-06-05 11:00:25 --> Session: Class initialized using 'CodeIgniter\Session\Handlers\FileHandler' driver.
INFO - 2024-06-05 11:01:21 --> Session: Class initialized using 'CodeIgniter\Session\Handlers\FileHandler' driver.
INFO - 2024-06-05 11:01:22 --> Session: Class initialized using 'CodeIgniter\Session\Handlers\FileHandler' driver.
INFO - 2024-06-05 11:07:24 --> Session: Class initialized using 'CodeIgniter\Session\Handlers\FileHandler' driver.
INFO - 2024-06-05 11:07:32 --> Session: Class initialized using 'CodeIgniter\Session\Handlers\FileHandler' driver.
INFO - 2024-06-05 11:07:33 --> Session: Class initialized using 'CodeIgniter\Session\Handlers\FileHandler' driver.
INFO - 2024-06-05 11:08:45 --> Session: Class initialized using 'CodeIgniter\Session\Handlers\FileHandler' driver.
INFO - 2024-06-05 11:08:48 --> Session: Class initialized using 'CodeIgniter\Session\Handlers\FileHandler' driver.
INFO - 2024-06-05 11:09:18 --> Session: Class initialized using 'CodeIgniter\Session\Handlers\FileHandler' driver.
INFO - 2024-06-05 11:09:19 --> Session: Class initialized using 'CodeIgniter\Session\Handlers\FileHandler' driver.
INFO - 2024-06-05 11:10:31 --> Session: Class initialized using 'CodeIgniter\Session\Handlers\FileHandler' driver.
INFO - 2024-06-05 11:10:32 --> Session: Class initialized using 'CodeIgniter\Session\Handlers\FileHandler' driver.
INFO - 2024-06-05 11:10:49 --> Session: Class initialized using 'CodeIgniter\Session\Handlers\FileHandler' driver.
INFO - 2024-06-05 11:10:49 --> Session: Class initialized using 'CodeIgniter\Session\Handlers\FileHandler' driver.
INFO - 2024-06-05 11:10:50 --> Session: Class initialized using 'CodeIgniter\Session\Handlers\FileHandler' driver.
INFO - 2024-06-05 11:10:51 --> Session: Class initialized using 'CodeIgniter\Session\Handlers\FileHandler' driver.
INFO - 2024-06-05 11:10:56 --> Session: Class initialized using 'CodeIgniter\Session\Handlers\FileHandler' driver.
INFO - 2024-06-05 11:10:57 --> Session: Class initialized using 'CodeIgniter\Session\Handlers\FileHandler' driver.
INFO - 2024-06-05 11:11:37 --> Session: Class initialized using 'CodeIgniter\Session\Handlers\FileHandler' driver.
INFO - 2024-06-05 11:11:38 --> Session: Class initialized using 'CodeIgniter\Session\Handlers\FileHandler' driver.
INFO - 2024-06-05 11:11:39 --> Session: Class initialized using 'CodeIgniter\Session\Handlers\FileHandler' driver.
INFO - 2024-06-05 11:11:41 --> Session: Class initialized using 'CodeIgniter\Session\Handlers\FileHandler' driver.
INFO - 2024-06-05 11:12:20 --> Session: Class initialized using 'CodeIgniter\Session\Handlers\FileHandler' driver.
INFO - 2024-06-05 11:12:20 --> Session: Class initialized using 'CodeIgniter\Session\Handlers\FileHandler' driver.
INFO - 2024-06-05 11:12:21 --> Session: Class initialized using 'CodeIgniter\Session\Handlers\FileHandler' driver.
INFO - 2024-06-05 11:12:22 --> Session: Class initialized using 'CodeIgniter\Session\Handlers\FileHandler' driver.
INFO - 2024-06-05 11:13:06 --> Session: Class initialized using 'CodeIgniter\Session\Handlers\FileHandler' driver.
INFO - 2024-06-05 11:13:08 --> Session: Class initialized using 'CodeIgniter\Session\Handlers\FileHandler' driver.
INFO - 2024-06-05 11:13:30 --> Session: Class initialized using 'CodeIgniter\Session\Handlers\FileHandler' driver.
INFO - 2024-06-05 11:13:30 --> Session: Class initialized using 'CodeIgniter\Session\Handlers\FileHandler' driver.
INFO - 2024-06-05 11:13:31 --> Session: Class initialized using 'CodeIgniter\Session\Handlers\FileHandler' driver.
INFO - 2024-06-05 11:13:32 --> Session: Class initialized using 'CodeIgniter\Session\Handlers\FileHandler' driver.
INFO - 2024-06-05 11:13:33 --> Session: Class initialized using 'CodeIgniter\Session\Handlers\FileHandler' driver.
INFO - 2024-06-05 11:13:33 --> Session: Class initialized using 'CodeIgniter\Session\Handlers\FileHandler' driver.
INFO - 2024-06-05 11:13:59 --> Session: Class initialized using 'CodeIgniter\Session\Handlers\FileHandler' driver.
INFO - 2024-06-05 11:14:00 --> Session: Class initialized using 'CodeIgniter\Session\Handlers\FileHandler' driver.
INFO - 2024-06-05 11:15:27 --> Session: Class initialized using 'CodeIgniter\Session\Handlers\FileHandler' driver.
INFO - 2024-06-05 11:15:28 --> Session: Class initialized using 'CodeIgniter\Session\Handlers\FileHandler' driver.
INFO - 2024-06-05 11:16:20 --> Session: Class initialized using 'CodeIgniter\Session\Handlers\FileHandler' driver.
INFO - 2024-06-05 11:16:45 --> Session: Class initialized using 'CodeIgniter\Session\Handlers\FileHandler' driver.
INFO - 2024-06-05 11:16:46 --> Session: Class initialized using 'CodeIgniter\Session\Handlers\FileHandler' driver.
INFO - 2024-06-05 11:16:57 --> Session: Class initialized using 'CodeIgniter\Session\Handlers\FileHandler' driver.
INFO - 2024-06-05 11:16:58 --> Session: Class initialized using 'CodeIgniter\Session\Handlers\FileHandler' driver.
INFO - 2024-06-05 11:17:07 --> Session: Class initialized using 'CodeIgniter\Session\Handlers\FileHandler' driver.
INFO - 2024-06-05 11:17:18 --> Session: Class initialized using 'CodeIgniter\Session\Handlers\FileHandler' driver.
INFO - 2024-06-05 11:17:20 --> Session: Class initialized using 'CodeIgniter\Session\Handlers\FileHandler' driver.
INFO - 2024-06-05 11:18:51 --> Session: Class initialized using 'CodeIgniter\Session\Handlers\FileHandler' driver.
INFO - 2024-06-05 11:18:53 --> Session: Class initialized using 'CodeIgniter\Session\Handlers\FileHandler' driver.
INFO - 2024-06-05 11:19:44 --> Session: Class initialized using 'CodeIgniter\Session\Handlers\FileHandler' driver.
INFO - 2024-06-05 11:19:45 --> Session: Class initialized using 'CodeIgniter\Session\Handlers\FileHandler' driver.
INFO - 2024-06-05 11:19:52 --> Session: Class initialized using 'CodeIgniter\Session\Handlers\FileHandler' driver.
INFO - 2024-06-05 11:19:53 --> Session: Class initialized using 'CodeIgniter\Session\Handlers\FileHandler' driver.
INFO - 2024-06-05 11:20:23 --> Session: Class initialized using 'CodeIgniter\Session\Handlers\FileHandler' driver.
INFO - 2024-06-05 11:20:24 --> Session: Class initialized using 'CodeIgniter\Session\Handlers\FileHandler' driver.
INFO - 2024-06-05 11:33:46 --> Session: Class initialized using 'CodeIgniter\Session\Handlers\FileHandler' driver.
INFO - 2024-06-05 11:33:47 --> Session: Class initialized using 'CodeIgniter\Session\Handlers\FileHandler' driver.
INFO - 2024-06-05 11:33:50 --> Session: Class initialized using 'CodeIgniter\Session\Handlers\FileHandler' driver.
INFO - 2024-06-05 11:33:51 --> Session: Class initialized using 'CodeIgniter\Session\Handlers\FileHandler' driver.
INFO - 2024-06-05 11:33:52 --> Session: Class initialized using 'CodeIgniter\Session\Handlers\FileHandler' driver.
INFO - 2024-06-05 11:33:53 --> Session: Class initialized using 'CodeIgniter\Session\Handlers\FileHandler' driver.
INFO - 2024-06-05 11:33:57 --> Session: Class initialized using 'CodeIgniter\Session\Handlers\FileHandler' driver.
INFO - 2024-06-05 11:34:05 --> Session: Class initialized using 'CodeIgniter\Session\Handlers\FileHandler' driver.
INFO - 2024-06-05 11:34:08 --> Session: Class initialized using 'CodeIgniter\Session\Handlers\FileHandler' driver.
INFO - 2024-06-05 11:34:09 --> Session: Class initialized using 'CodeIgniter\Session\Handlers\FileHandler' driver.
INFO - 2024-06-05 11:34:16 --> Session: Class initialized using 'CodeIgniter\Session\Handlers\FileHandler' driver.
INFO - 2024-06-05 11:34:20 --> Session: Class initialized using 'CodeIgniter\Session\Handlers\FileHandler' driver.
INFO - 2024-06-05 11:34:26 --> Session: Class initialized using 'CodeIgniter\Session\Handlers\FileHandler' driver.
INFO - 2024-06-05 11:34:27 --> Session: Class initialized using 'CodeIgniter\Session\Handlers\FileHandler' driver.
INFO - 2024-06-05 11:34:30 --> Session: Class initialized using 'CodeIgniter\Session\Handlers\FileHandler' driver.
INFO - 2024-06-05 11:34:31 --> Session: Class initialized using 'CodeIgniter\Session\Handlers\FileHandler' driver.
INFO - 2024-06-05 11:34:32 --> Session: Class initialized using 'CodeIgniter\Session\Handlers\FileHandler' driver.
INFO - 2024-06-05 11:34:33 --> Session: Class initialized using 'CodeIgniter\Session\Handlers\FileHandler' driver.
INFO - 2024-06-05 11:35:34 --> Session: Class initialized using 'CodeIgniter\Session\Handlers\FileHandler' driver.
INFO - 2024-06-05 11:35:35 --> Session: Class initialized using 'CodeIgniter\Session\Handlers\FileHandler' driver.
INFO - 2024-06-05 11:37:37 --> Session: Class initialized using 'CodeIgniter\Session\Handlers\FileHandler' driver.
INFO - 2024-06-05 11:41:20 --> Session: Class initialized using 'CodeIgniter\Session\Handlers\FileHandler' driver.
INFO - 2024-06-05 11:41:21 --> Session: Class initialized using 'CodeIgniter\Session\Handlers\FileHandler' driver.
INFO - 2024-06-05 11:41:57 --> Session: Class initialized using 'CodeIgniter\Session\Handlers\FileHandler' driver.
INFO - 2024-06-05 11:41:58 --> Session: Class initialized using 'CodeIgniter\Session\Handlers\FileHandler' driver.
INFO - 2024-06-05 11:43:11 --> Session: Class initialized using 'CodeIgniter\Session\Handlers\FileHandler' driver.
INFO - 2024-06-05 11:49:00 --> Session: Class initialized using 'CodeIgniter\Session\Handlers\FileHandler' driver.
INFO - 2024-06-05 11:49:03 --> Session: Class initialized using 'CodeIgniter\Session\Handlers\FileHandler' driver.
CRITICAL - 2024-06-05 11:59:57 --> ParseError: syntax error, unexpected token "}"
[Method: GET, Route: presidencia/]
in APPPATH\Modules\Web\Controllers\Presidencia.php on line 174.
 1 VENDORPATH\composer\ClassLoader.php(427): Composer\Autoload\{closure}('C:\\xampp\\htdocs\\CDEHJ\\vendor\\composer/../../app/Modules/Web/Controllers/Presidencia.php')
 2 [internal function]: Composer\Autoload\ClassLoader->loadClass('App\\Modules\\Web\\Controllers\\Presidencia')
 3 SYSTEMPATH\CodeIgniter.php(887): class_exists('\\App\\Modules\\Web\\Controllers\\Presidencia', true)
 4 SYSTEMPATH\CodeIgniter.php(496): CodeIgniter\CodeIgniter->startController()
 5 SYSTEMPATH\CodeIgniter.php(355): CodeIgniter\CodeIgniter->handleRequest(null, Object(Config\Cache), false)
 6 SYSTEMPATH\Boot.php(312): CodeIgniter\CodeIgniter->run()
 7 SYSTEMPATH\Boot.php(67): CodeIgniter\Boot::runCodeIgniter(Object(CodeIgniter\CodeIgniter))
 8 FCPATH\index.php(56): CodeIgniter\Boot::bootWeb(Object(Config\Paths))
 9 SYSTEMPATH\Commands\Server\rewrite.php(49): require_once('C:\\xampp\\htdocs\\CDEHJ\\public\\index.php')
CRITICAL - 2024-06-05 11:59:57 --> ParseError: syntax error, unexpected token "}"
[Method: GET, Route: presidencia/acuerdos]
in APPPATH\Modules\Web\Controllers\Presidencia.php on line 174.
 1 VENDORPATH\composer\ClassLoader.php(427): Composer\Autoload\{closure}('C:\\xampp\\htdocs\\CDEHJ\\vendor\\composer/../../app/Modules/Web/Controllers/Presidencia.php')
 2 [internal function]: Composer\Autoload\ClassLoader->loadClass('App\\Modules\\Web\\Controllers\\Presidencia')
 3 SYSTEMPATH\CodeIgniter.php(887): class_exists('\\App\\Modules\\Web\\Controllers\\Presidencia', true)
 4 SYSTEMPATH\CodeIgniter.php(496): CodeIgniter\CodeIgniter->startController()
 5 SYSTEMPATH\CodeIgniter.php(355): CodeIgniter\CodeIgniter->handleRequest(null, Object(Config\Cache), false)
 6 SYSTEMPATH\Boot.php(312): CodeIgniter\CodeIgniter->run()
 7 SYSTEMPATH\Boot.php(67): CodeIgniter\Boot::runCodeIgniter(Object(CodeIgniter\CodeIgniter))
 8 FCPATH\index.php(56): CodeIgniter\Boot::bootWeb(Object(Config\Paths))
 9 SYSTEMPATH\Commands\Server\rewrite.php(49): require_once('C:\\xampp\\htdocs\\CDEHJ\\public\\index.php')
CRITICAL - 2024-06-05 11:59:58 --> ParseError: syntax error, unexpected token "}"
[Method: GET, Route: presidencia/convenios]
in APPPATH\Modules\Web\Controllers\Presidencia.php on line 174.
 1 VENDORPATH\composer\ClassLoader.php(427): Composer\Autoload\{closure}('C:\\xampp\\htdocs\\CDEHJ\\vendor\\composer/../../app/Modules/Web/Controllers/Presidencia.php')
 2 [internal function]: Composer\Autoload\ClassLoader->loadClass('App\\Modules\\Web\\Controllers\\Presidencia')
 3 SYSTEMPATH\CodeIgniter.php(887): class_exists('\\App\\Modules\\Web\\Controllers\\Presidencia', true)
 4 SYSTEMPATH\CodeIgniter.php(496): CodeIgniter\CodeIgniter->startController()
 5 SYSTEMPATH\CodeIgniter.php(355): CodeIgniter\CodeIgniter->handleRequest(null, Object(Config\Cache), false)
 6 SYSTEMPATH\Boot.php(312): CodeIgniter\CodeIgniter->run()
 7 SYSTEMPATH\Boot.php(67): CodeIgniter\Boot::runCodeIgniter(Object(CodeIgniter\CodeIgniter))
 8 FCPATH\index.php(56): CodeIgniter\Boot::bootWeb(Object(Config\Paths))
 9 SYSTEMPATH\Commands\Server\rewrite.php(49): require_once('C:\\xampp\\htdocs\\CDEHJ\\public\\index.php')
INFO - 2024-06-05 12:00:14 --> Session: Class initialized using 'CodeIgniter\Session\Handlers\FileHandler' driver.
INFO - 2024-06-05 12:00:15 --> Session: Class initialized using 'CodeIgniter\Session\Handlers\FileHandler' driver.
INFO - 2024-06-05 12:00:15 --> Session: Class initialized using 'CodeIgniter\Session\Handlers\FileHandler' driver.
INFO - 2024-06-05 12:00:17 --> Session: Class initialized using 'CodeIgniter\Session\Handlers\FileHandler' driver.
INFO - 2024-06-05 12:00:17 --> Session: Class initialized using 'CodeIgniter\Session\Handlers\FileHandler' driver.
INFO - 2024-06-05 12:00:20 --> Session: Class initialized using 'CodeIgniter\Session\Handlers\FileHandler' driver.
INFO - 2024-06-05 12:00:45 --> Session: Class initialized using 'CodeIgniter\Session\Handlers\FileHandler' driver.
INFO - 2024-06-05 12:00:46 --> Session: Class initialized using 'CodeIgniter\Session\Handlers\FileHandler' driver.
INFO - 2024-06-05 12:01:41 --> Session: Class initialized using 'CodeIgniter\Session\Handlers\FileHandler' driver.
INFO - 2024-06-05 12:01:43 --> Session: Class initialized using 'CodeIgniter\Session\Handlers\FileHandler' driver.
INFO - 2024-06-05 12:02:28 --> Session: Class initialized using 'CodeIgniter\Session\Handlers\FileHandler' driver.
INFO - 2024-06-05 12:02:29 --> Session: Class initialized using 'CodeIgniter\Session\Handlers\FileHandler' driver.
INFO - 2024-06-05 12:02:29 --> Session: Class initialized using 'CodeIgniter\Session\Handlers\FileHandler' driver.
INFO - 2024-06-05 12:02:30 --> Session: Class initialized using 'CodeIgniter\Session\Handlers\FileHandler' driver.
INFO - 2024-06-05 12:06:09 --> Session: Class initialized using 'CodeIgniter\Session\Handlers\FileHandler' driver.
INFO - 2024-06-05 12:06:13 --> Session: Class initialized using 'CodeIgniter\Session\Handlers\FileHandler' driver.
INFO - 2024-06-05 12:06:28 --> Session: Class initialized using 'CodeIgniter\Session\Handlers\FileHandler' driver.
INFO - 2024-06-05 12:06:29 --> Session: Class initialized using 'CodeIgniter\Session\Handlers\FileHandler' driver.
INFO - 2024-06-05 12:06:33 --> Session: Class initialized using 'CodeIgniter\Session\Handlers\FileHandler' driver.
INFO - 2024-06-05 12:06:34 --> Session: Class initialized using 'CodeIgniter\Session\Handlers\FileHandler' driver.
INFO - 2024-06-05 12:06:39 --> Session: Class initialized using 'CodeIgniter\Session\Handlers\FileHandler' driver.
INFO - 2024-06-05 12:06:40 --> Session: Class initialized using 'CodeIgniter\Session\Handlers\FileHandler' driver.
INFO - 2024-06-05 12:06:59 --> Session: Class initialized using 'CodeIgniter\Session\Handlers\FileHandler' driver.
INFO - 2024-06-05 12:13:53 --> Session: Class initialized using 'CodeIgniter\Session\Handlers\FileHandler' driver.
INFO - 2024-06-05 12:13:55 --> Session: Class initialized using 'CodeIgniter\Session\Handlers\FileHandler' driver.
INFO - 2024-06-05 12:16:17 --> Session: Class initialized using 'CodeIgniter\Session\Handlers\FileHandler' driver.
INFO - 2024-06-05 12:16:18 --> Session: Class initialized using 'CodeIgniter\Session\Handlers\FileHandler' driver.
INFO - 2024-06-05 12:18:24 --> Session: Class initialized using 'CodeIgniter\Session\Handlers\FileHandler' driver.
INFO - 2024-06-05 12:18:25 --> Session: Class initialized using 'CodeIgniter\Session\Handlers\FileHandler' driver.
INFO - 2024-06-05 12:27:48 --> Session: Class initialized using 'CodeIgniter\Session\Handlers\FileHandler' driver.
INFO - 2024-06-05 12:27:51 --> Session: Class initialized using 'CodeIgniter\Session\Handlers\FileHandler' driver.
INFO - 2024-06-05 12:29:11 --> Session: Class initialized using 'CodeIgniter\Session\Handlers\FileHandler' driver.
INFO - 2024-06-05 12:29:13 --> Session: Class initialized using 'CodeIgniter\Session\Handlers\FileHandler' driver.
INFO - 2024-06-05 12:34:22 --> Session: Class initialized using 'CodeIgniter\Session\Handlers\FileHandler' driver.
INFO - 2024-06-05 12:34:24 --> Session: Class initialized using 'CodeIgniter\Session\Handlers\FileHandler' driver.
INFO - 2024-06-05 13:18:56 --> Session: Class initialized using 'CodeIgniter\Session\Handlers\FileHandler' driver.
INFO - 2024-06-05 13:18:59 --> Session: Class initialized using 'CodeIgniter\Session\Handlers\FileHandler' driver.
INFO - 2024-06-05 13:20:22 --> Session: Class initialized using 'CodeIgniter\Session\Handlers\FileHandler' driver.
INFO - 2024-06-05 13:20:23 --> Session: Class initialized using 'CodeIgniter\Session\Handlers\FileHandler' driver.
INFO - 2024-06-05 13:20:27 --> Session: Class initialized using 'CodeIgniter\Session\Handlers\FileHandler' driver.
INFO - 2024-06-05 13:20:28 --> Session: Class initialized using 'CodeIgniter\Session\Handlers\FileHandler' driver.
INFO - 2024-06-05 13:20:33 --> Session: Class initialized using 'CodeIgniter\Session\Handlers\FileHandler' driver.
INFO - 2024-06-05 13:20:35 --> Session: Class initialized using 'CodeIgniter\Session\Handlers\FileHandler' driver.
INFO - 2024-06-05 13:20:40 --> Session: Class initialized using 'CodeIgniter\Session\Handlers\FileHandler' driver.
INFO - 2024-06-05 13:20:42 --> Session: Class initialized using 'CodeIgniter\Session\Handlers\FileHandler' driver.
INFO - 2024-06-05 13:20:44 --> Session: Class initialized using 'CodeIgniter\Session\Handlers\FileHandler' driver.
INFO - 2024-06-05 13:20:46 --> Session: Class initialized using 'CodeIgniter\Session\Handlers\FileHandler' driver.
INFO - 2024-06-05 14:10:40 --> Session: Class initialized using 'CodeIgniter\Session\Handlers\FileHandler' driver.
INFO - 2024-06-05 14:10:42 --> Session: Class initialized using 'CodeIgniter\Session\Handlers\FileHandler' driver.
INFO - 2024-06-05 14:10:59 --> Session: Class initialized using 'CodeIgniter\Session\Handlers\FileHandler' driver.
INFO - 2024-06-05 14:11:11 --> Session: Class initialized using 'CodeIgniter\Session\Handlers\FileHandler' driver.
INFO - 2024-06-05 14:11:15 --> Session: Class initialized using 'CodeIgniter\Session\Handlers\FileHandler' driver.
INFO - 2024-06-05 14:14:24 --> Session: Class initialized using 'CodeIgniter\Session\Handlers\FileHandler' driver.
INFO - 2024-06-05 14:14:26 --> Session: Class initialized using 'CodeIgniter\Session\Handlers\FileHandler' driver.
INFO - 2024-06-05 14:14:33 --> Session: Class initialized using 'CodeIgniter\Session\Handlers\FileHandler' driver.
INFO - 2024-06-05 14:14:41 --> Session: Class initialized using 'CodeIgniter\Session\Handlers\FileHandler' driver.
INFO - 2024-06-05 14:19:22 --> Session: Class initialized using 'CodeIgniter\Session\Handlers\FileHandler' driver.
INFO - 2024-06-05 14:19:38 --> Session: Class initialized using 'CodeIgniter\Session\Handlers\FileHandler' driver.
INFO - 2024-06-05 14:20:28 --> Session: Class initialized using 'CodeIgniter\Session\Handlers\FileHandler' driver.
INFO - 2024-06-05 14:20:47 --> Session: Class initialized using 'CodeIgniter\Session\Handlers\FileHandler' driver.
INFO - 2024-06-05 14:21:24 --> Session: Class initialized using 'CodeIgniter\Session\Handlers\FileHandler' driver.
INFO - 2024-06-05 14:21:30 --> Session: Class initialized using 'CodeIgniter\Session\Handlers\FileHandler' driver.
INFO - 2024-06-05 14:21:44 --> Session: Class initialized using 'CodeIgniter\Session\Handlers\FileHandler' driver.
INFO - 2024-06-05 14:22:07 --> Session: Class initialized using 'CodeIgniter\Session\Handlers\FileHandler' driver.
INFO - 2024-06-05 14:22:40 --> Session: Class initialized using 'CodeIgniter\Session\Handlers\FileHandler' driver.
INFO - 2024-06-05 14:23:38 --> Session: Class initialized using 'CodeIgniter\Session\Handlers\FileHandler' driver.
INFO - 2024-06-05 14:28:08 --> Session: Class initialized using 'CodeIgniter\Session\Handlers\FileHandler' driver.
INFO - 2024-06-05 14:28:20 --> Session: Class initialized using 'CodeIgniter\Session\Handlers\FileHandler' driver.
INFO - 2024-06-05 14:29:43 --> Session: Class initialized using 'CodeIgniter\Session\Handlers\FileHandler' driver.
INFO - 2024-06-05 14:31:50 --> Session: Class initialized using 'CodeIgniter\Session\Handlers\FileHandler' driver.
INFO - 2024-06-05 14:35:42 --> Session: Class initialized using 'CodeIgniter\Session\Handlers\FileHandler' driver.
INFO - 2024-06-05 14:35:52 --> Session: Class initialized using 'CodeIgniter\Session\Handlers\FileHandler' driver.
INFO - 2024-06-05 14:36:53 --> Session: Class initialized using 'CodeIgniter\Session\Handlers\FileHandler' driver.
INFO - 2024-06-05 14:37:25 --> Session: Class initialized using 'CodeIgniter\Session\Handlers\FileHandler' driver.
INFO - 2024-06-05 14:38:27 --> Session: Class initialized using 'CodeIgniter\Session\Handlers\FileHandler' driver.
INFO - 2024-06-05 14:38:29 --> Session: Class initialized using 'CodeIgniter\Session\Handlers\FileHandler' driver.
INFO - 2024-06-05 14:38:33 --> Session: Class initialized using 'CodeIgniter\Session\Handlers\FileHandler' driver.
INFO - 2024-06-05 14:38:35 --> Session: Class initialized using 'CodeIgniter\Session\Handlers\FileHandler' driver.
INFO - 2024-06-05 14:38:37 --> Session: Class initialized using 'CodeIgniter\Session\Handlers\FileHandler' driver.
INFO - 2024-06-05 14:38:42 --> Session: Class initialized using 'CodeIgniter\Session\Handlers\FileHandler' driver.
INFO - 2024-06-05 14:38:51 --> Session: Class initialized using 'CodeIgniter\Session\Handlers\FileHandler' driver.
INFO - 2024-06-05 14:39:16 --> Session: Class initialized using 'CodeIgniter\Session\Handlers\FileHandler' driver.
INFO - 2024-06-05 14:41:01 --> Session: Class initialized using 'CodeIgniter\Session\Handlers\FileHandler' driver.
CRITICAL - 2024-06-05 14:41:02 --> ErrorException: Undefined variable $archivos_json
[Method: GET, Route: transparencia/licitaciones/124/detalle]
in APPPATH\Modules\Web\Views\transparencia\licitaciones\detalle.php on line 93.
 1 APPPATH\Modules\Web\Views\transparencia\licitaciones\detalle.php(93): CodeIgniter\Debug\Exceptions->errorHandler(2, 'Undefined variable $archivos_json', 'C:\\xampp\\htdocs\\CDEHJ\\app\\Modules\\Web\\Views\\transparencia\\licitaciones\\detalle.php', 93)
 2 SYSTEMPATH\View\View.php(234): include('C:\\xampp\\htdocs\\CDEHJ\\app\\Modules\\Web\\Views\\transparencia\\licitaciones\\detalle.php')
 3 SYSTEMPATH\View\View.php(237): CodeIgniter\View\View->CodeIgniter\View\{closure}()
 4 SYSTEMPATH\Common.php(1171): CodeIgniter\View\View->render('Web/Views/transparencia/licitaciones/detalle', [], true)
 5 APPPATH\Controllers\BaseController.php(89): view('Web/Views/transparencia/licitaciones/detalle', [...])
 6 APPPATH\Modules\Web\Controllers\Transparencia.php(107): App\Controllers\BaseController->renderPaginaView([...], [...])
 7 SYSTEMPATH\CodeIgniter.php(933): App\Modules\Web\Controllers\Transparencia->detalle('124')
 8 SYSTEMPATH\CodeIgniter.php(509): CodeIgniter\CodeIgniter->runController(Object(App\Modules\Web\Controllers\Transparencia))
 9 SYSTEMPATH\CodeIgniter.php(355): CodeIgniter\CodeIgniter->handleRequest(null, Object(Config\Cache), false)
10 SYSTEMPATH\Boot.php(312): CodeIgniter\CodeIgniter->run()
11 SYSTEMPATH\Boot.php(67): CodeIgniter\Boot::runCodeIgniter(Object(CodeIgniter\CodeIgniter))
12 FCPATH\index.php(56): CodeIgniter\Boot::bootWeb(Object(Config\Paths))
13 SYSTEMPATH\Commands\Server\rewrite.php(49): require_once('C:\\xampp\\htdocs\\CDEHJ\\public\\index.php')
INFO - 2024-06-05 14:44:30 --> Session: Class initialized using 'CodeIgniter\Session\Handlers\FileHandler' driver.
INFO - 2024-06-05 14:46:03 --> Session: Class initialized using 'CodeIgniter\Session\Handlers\FileHandler' driver.
INFO - 2024-06-05 14:46:05 --> Session: Class initialized using 'CodeIgniter\Session\Handlers\FileHandler' driver.
INFO - 2024-06-05 14:46:08 --> Session: Class initialized using 'CodeIgniter\Session\Handlers\FileHandler' driver.
CRITICAL - 2024-06-05 14:46:09 --> ErrorException: Undefined property: stdClass::$nombre_archivo
[Method: GET, Route: transparencia/licitaciones/123/detalle]
in APPPATH\Modules\Web\Views\transparencia\licitaciones\detalle.php on line 81.
 1 APPPATH\Modules\Web\Views\transparencia\licitaciones\detalle.php(81): CodeIgniter\Debug\Exceptions->errorHandler(2, 'Undefined property: stdClass::$nombre_archivo', 'C:\\xampp\\htdocs\\CDEHJ\\app\\Modules\\Web\\Views\\transparencia\\licitaciones\\detalle.php', 81)
 2 SYSTEMPATH\View\View.php(234): include('C:\\xampp\\htdocs\\CDEHJ\\app\\Modules\\Web\\Views\\transparencia\\licitaciones\\detalle.php')
 3 SYSTEMPATH\View\View.php(237): CodeIgniter\View\View->CodeIgniter\View\{closure}()
 4 SYSTEMPATH\Common.php(1171): CodeIgniter\View\View->render('Web/Views/transparencia/licitaciones/detalle', [], true)
 5 APPPATH\Controllers\BaseController.php(89): view('Web/Views/transparencia/licitaciones/detalle', [...])
 6 APPPATH\Modules\Web\Controllers\Transparencia.php(107): App\Controllers\BaseController->renderPaginaView([...], [...])
 7 SYSTEMPATH\CodeIgniter.php(933): App\Modules\Web\Controllers\Transparencia->detalle('123')
 8 SYSTEMPATH\CodeIgniter.php(509): CodeIgniter\CodeIgniter->runController(Object(App\Modules\Web\Controllers\Transparencia))
 9 SYSTEMPATH\CodeIgniter.php(355): CodeIgniter\CodeIgniter->handleRequest(null, Object(Config\Cache), false)
10 SYSTEMPATH\Boot.php(312): CodeIgniter\CodeIgniter->run()
11 SYSTEMPATH\Boot.php(67): CodeIgniter\Boot::runCodeIgniter(Object(CodeIgniter\CodeIgniter))
12 FCPATH\index.php(56): CodeIgniter\Boot::bootWeb(Object(Config\Paths))
13 SYSTEMPATH\Commands\Server\rewrite.php(49): require_once('C:\\xampp\\htdocs\\CDEHJ\\public\\index.php')
INFO - 2024-06-05 14:46:25 --> Session: Class initialized using 'CodeIgniter\Session\Handlers\FileHandler' driver.
INFO - 2024-06-05 14:46:26 --> Session: Class initialized using 'CodeIgniter\Session\Handlers\FileHandler' driver.
CRITICAL - 2024-06-05 14:46:27 --> ErrorException: Undefined property: stdClass::$nombre_archivo
[Method: GET, Route: transparencia/licitaciones/123/detalle]
in APPPATH\Modules\Web\Views\transparencia\licitaciones\detalle.php on line 81.
 1 APPPATH\Modules\Web\Views\transparencia\licitaciones\detalle.php(81): CodeIgniter\Debug\Exceptions->errorHandler(2, 'Undefined property: stdClass::$nombre_archivo', 'C:\\xampp\\htdocs\\CDEHJ\\app\\Modules\\Web\\Views\\transparencia\\licitaciones\\detalle.php', 81)
 2 SYSTEMPATH\View\View.php(234): include('C:\\xampp\\htdocs\\CDEHJ\\app\\Modules\\Web\\Views\\transparencia\\licitaciones\\detalle.php')
 3 SYSTEMPATH\View\View.php(237): CodeIgniter\View\View->CodeIgniter\View\{closure}()
 4 SYSTEMPATH\Common.php(1171): CodeIgniter\View\View->render('Web/Views/transparencia/licitaciones/detalle', [], true)
 5 APPPATH\Controllers\BaseController.php(89): view('Web/Views/transparencia/licitaciones/detalle', [...])
 6 APPPATH\Modules\Web\Controllers\Transparencia.php(107): App\Controllers\BaseController->renderPaginaView([...], [...])
 7 SYSTEMPATH\CodeIgniter.php(933): App\Modules\Web\Controllers\Transparencia->detalle('123')
 8 SYSTEMPATH\CodeIgniter.php(509): CodeIgniter\CodeIgniter->runController(Object(App\Modules\Web\Controllers\Transparencia))
 9 SYSTEMPATH\CodeIgniter.php(355): CodeIgniter\CodeIgniter->handleRequest(null, Object(Config\Cache), false)
10 SYSTEMPATH\Boot.php(312): CodeIgniter\CodeIgniter->run()
11 SYSTEMPATH\Boot.php(67): CodeIgniter\Boot::runCodeIgniter(Object(CodeIgniter\CodeIgniter))
12 FCPATH\index.php(56): CodeIgniter\Boot::bootWeb(Object(Config\Paths))
13 SYSTEMPATH\Commands\Server\rewrite.php(49): require_once('C:\\xampp\\htdocs\\CDEHJ\\public\\index.php')
INFO - 2024-06-05 14:46:30 --> Session: Class initialized using 'CodeIgniter\Session\Handlers\FileHandler' driver.
INFO - 2024-06-05 14:49:37 --> Session: Class initialized using 'CodeIgniter\Session\Handlers\FileHandler' driver.
INFO - 2024-06-05 14:56:43 --> Session: Class initialized using 'CodeIgniter\Session\Handlers\FileHandler' driver.
CRITICAL - 2024-06-05 14:56:44 --> ErrorException: Undefined variable $licitacion
[Method: GET, Route: transparencia/licitaciones/123/detalle]
in APPPATH\Modules\Web\Views\transparencia\licitaciones\detalle.php on line 23.
 1 APPPATH\Modules\Web\Views\transparencia\licitaciones\detalle.php(23): CodeIgniter\Debug\Exceptions->errorHandler(2, 'Undefined variable $licitacion', 'C:\\xampp\\htdocs\\CDEHJ\\app\\Modules\\Web\\Views\\transparencia\\licitaciones\\detalle.php', 23)
 2 SYSTEMPATH\View\View.php(234): include('C:\\xampp\\htdocs\\CDEHJ\\app\\Modules\\Web\\Views\\transparencia\\licitaciones\\detalle.php')
 3 SYSTEMPATH\View\View.php(237): CodeIgniter\View\View->CodeIgniter\View\{closure}()
 4 SYSTEMPATH\Common.php(1171): CodeIgniter\View\View->render('Web/Views/transparencia/licitaciones/detalle', [], true)
 5 APPPATH\Controllers\BaseController.php(89): view('Web/Views/transparencia/licitaciones/detalle', [...])
 6 APPPATH\Modules\Web\Controllers\Transparencia.php(118): App\Controllers\BaseController->renderPaginaView([...], [...])
 7 SYSTEMPATH\CodeIgniter.php(933): App\Modules\Web\Controllers\Transparencia->detalle('123')
 8 SYSTEMPATH\CodeIgniter.php(509): CodeIgniter\CodeIgniter->runController(Object(App\Modules\Web\Controllers\Transparencia))
 9 SYSTEMPATH\CodeIgniter.php(355): CodeIgniter\CodeIgniter->handleRequest(null, Object(Config\Cache), false)
10 SYSTEMPATH\Boot.php(312): CodeIgniter\CodeIgniter->run()
11 SYSTEMPATH\Boot.php(67): CodeIgniter\Boot::runCodeIgniter(Object(CodeIgniter\CodeIgniter))
12 FCPATH\index.php(56): CodeIgniter\Boot::bootWeb(Object(Config\Paths))
13 SYSTEMPATH\Commands\Server\rewrite.php(49): require_once('C:\\xampp\\htdocs\\CDEHJ\\public\\index.php')
INFO - 2024-06-05 14:57:11 --> Session: Class initialized using 'CodeIgniter\Session\Handlers\FileHandler' driver.
CRITICAL - 2024-06-05 14:57:12 --> ErrorException: Undefined variable $licitacion
[Method: GET, Route: transparencia/licitaciones/123/detalle]
in APPPATH\Modules\Web\Views\transparencia\licitaciones\detalle.php on line 23.
 1 APPPATH\Modules\Web\Views\transparencia\licitaciones\detalle.php(23): CodeIgniter\Debug\Exceptions->errorHandler(2, 'Undefined variable $licitacion', 'C:\\xampp\\htdocs\\CDEHJ\\app\\Modules\\Web\\Views\\transparencia\\licitaciones\\detalle.php', 23)
 2 SYSTEMPATH\View\View.php(234): include('C:\\xampp\\htdocs\\CDEHJ\\app\\Modules\\Web\\Views\\transparencia\\licitaciones\\detalle.php')
 3 SYSTEMPATH\View\View.php(237): CodeIgniter\View\View->CodeIgniter\View\{closure}()
 4 SYSTEMPATH\Common.php(1171): CodeIgniter\View\View->render('Web/Views/transparencia/licitaciones/detalle', [], true)
 5 APPPATH\Controllers\BaseController.php(89): view('Web/Views/transparencia/licitaciones/detalle', [...])
 6 APPPATH\Modules\Web\Controllers\Transparencia.php(107): App\Controllers\BaseController->renderPaginaView([...], [...])
 7 SYSTEMPATH\CodeIgniter.php(933): App\Modules\Web\Controllers\Transparencia->detalle('123')
 8 SYSTEMPATH\CodeIgniter.php(509): CodeIgniter\CodeIgniter->runController(Object(App\Modules\Web\Controllers\Transparencia))
 9 SYSTEMPATH\CodeIgniter.php(355): CodeIgniter\CodeIgniter->handleRequest(null, Object(Config\Cache), false)
10 SYSTEMPATH\Boot.php(312): CodeIgniter\CodeIgniter->run()
11 SYSTEMPATH\Boot.php(67): CodeIgniter\Boot::runCodeIgniter(Object(CodeIgniter\CodeIgniter))
12 FCPATH\index.php(56): CodeIgniter\Boot::bootWeb(Object(Config\Paths))
13 SYSTEMPATH\Commands\Server\rewrite.php(49): require_once('C:\\xampp\\htdocs\\CDEHJ\\public\\index.php')
INFO - 2024-06-05 14:57:38 --> Session: Class initialized using 'CodeIgniter\Session\Handlers\FileHandler' driver.
INFO - 2024-06-05 15:00:49 --> Session: Class initialized using 'CodeIgniter\Session\Handlers\FileHandler' driver.
INFO - 2024-06-05 15:00:51 --> Session: Class initialized using 'CodeIgniter\Session\Handlers\FileHandler' driver.
INFO - 2024-06-05 15:05:02 --> Session: Class initialized using 'CodeIgniter\Session\Handlers\FileHandler' driver.
INFO - 2024-06-05 15:05:05 --> Session: Class initialized using 'CodeIgniter\Session\Handlers\FileHandler' driver.
INFO - 2024-06-05 15:06:40 --> Session: Class initialized using 'CodeIgniter\Session\Handlers\FileHandler' driver.
INFO - 2024-06-05 15:06:42 --> Session: Class initialized using 'CodeIgniter\Session\Handlers\FileHandler' driver.
INFO - 2024-06-05 15:06:44 --> Session: Class initialized using 'CodeIgniter\Session\Handlers\FileHandler' driver.
INFO - 2024-06-05 15:06:46 --> Session: Class initialized using 'CodeIgniter\Session\Handlers\FileHandler' driver.
INFO - 2024-06-05 15:07:14 --> Session: Class initialized using 'CodeIgniter\Session\Handlers\FileHandler' driver.
INFO - 2024-06-05 15:07:15 --> Session: Class initialized using 'CodeIgniter\Session\Handlers\FileHandler' driver.
INFO - 2024-06-05 15:08:02 --> Session: Class initialized using 'CodeIgniter\Session\Handlers\FileHandler' driver.
INFO - 2024-06-05 15:08:03 --> Session: Class initialized using 'CodeIgniter\Session\Handlers\FileHandler' driver.
INFO - 2024-06-05 15:28:49 --> Session: Class initialized using 'CodeIgniter\Session\Handlers\FileHandler' driver.
INFO - 2024-06-05 15:29:28 --> Session: Class initialized using 'CodeIgniter\Session\Handlers\FileHandler' driver.
INFO - 2024-06-05 15:29:43 --> Session: Class initialized using 'CodeIgniter\Session\Handlers\FileHandler' driver.
INFO - 2024-06-05 15:29:44 --> Session: Class initialized using 'CodeIgniter\Session\Handlers\FileHandler' driver.
CRITICAL - 2024-06-05 15:29:44 --> CodeIgniter\Database\Exceptions\DatabaseException: You must set the database table to be used with your query.
[Method: POST, Route: transparencia/get_det]
in SYSTEMPATH\Database\BaseConnection.php on line 913.
 1 SYSTEMPATH\Model.php(705): CodeIgniter\Database\BaseConnection->table(null)
 2 SYSTEMPATH\Model.php(886): CodeIgniter\Model->builder()
 3 APPPATH\Modules\Panel\Pagina\Licitaciones\Models\LicitacionModel.php(152): CodeIgniter\Model->__get('request')
 4 APPPATH\Modules\Web\Controllers\Transparencia.php(62): App\Modules\Panel\Pagina\Licitaciones\Models\LicitacionModel->get_detalle([])
 5 SYSTEMPATH\CodeIgniter.php(933): App\Modules\Web\Controllers\Transparencia->get_det()
 6 SYSTEMPATH\CodeIgniter.php(509): CodeIgniter\CodeIgniter->runController(Object(App\Modules\Web\Controllers\Transparencia))
 7 SYSTEMPATH\CodeIgniter.php(355): CodeIgniter\CodeIgniter->handleRequest(null, Object(Config\Cache), false)
 8 SYSTEMPATH\Boot.php(312): CodeIgniter\CodeIgniter->run()
 9 SYSTEMPATH\Boot.php(67): CodeIgniter\Boot::runCodeIgniter(Object(CodeIgniter\CodeIgniter))
10 FCPATH\index.php(56): CodeIgniter\Boot::bootWeb(Object(Config\Paths))
11 SYSTEMPATH\Commands\Server\rewrite.php(49): require_once('C:\\xampp\\htdocs\\CDEHJ\\public\\index.php')
INFO - 2024-06-05 15:30:12 --> Session: Class initialized using 'CodeIgniter\Session\Handlers\FileHandler' driver.
INFO - 2024-06-05 15:30:32 --> Session: Class initialized using 'CodeIgniter\Session\Handlers\FileHandler' driver.
INFO - 2024-06-05 15:30:33 --> Session: Class initialized using 'CodeIgniter\Session\Handlers\FileHandler' driver.
CRITICAL - 2024-06-05 15:30:33 --> CodeIgniter\Database\Exceptions\DatabaseException: You must set the database table to be used with your query.
[Method: POST, Route: transparencia/get_det]
in SYSTEMPATH\Database\BaseConnection.php on line 913.
 1 SYSTEMPATH\Model.php(705): CodeIgniter\Database\BaseConnection->table(null)
 2 SYSTEMPATH\Model.php(886): CodeIgniter\Model->builder()
 3 APPPATH\Modules\Panel\Pagina\Licitaciones\Models\LicitacionModel.php(152): CodeIgniter\Model->__get('request')
 4 APPPATH\Modules\Web\Controllers\Transparencia.php(62): App\Modules\Panel\Pagina\Licitaciones\Models\LicitacionModel->get_detalle([])
 5 SYSTEMPATH\CodeIgniter.php(933): App\Modules\Web\Controllers\Transparencia->get_det()
 6 SYSTEMPATH\CodeIgniter.php(509): CodeIgniter\CodeIgniter->runController(Object(App\Modules\Web\Controllers\Transparencia))
 7 SYSTEMPATH\CodeIgniter.php(355): CodeIgniter\CodeIgniter->handleRequest(null, Object(Config\Cache), false)
 8 SYSTEMPATH\Boot.php(312): CodeIgniter\CodeIgniter->run()
 9 SYSTEMPATH\Boot.php(67): CodeIgniter\Boot::runCodeIgniter(Object(CodeIgniter\CodeIgniter))
10 FCPATH\index.php(56): CodeIgniter\Boot::bootWeb(Object(Config\Paths))
11 SYSTEMPATH\Commands\Server\rewrite.php(49): require_once('C:\\xampp\\htdocs\\CDEHJ\\public\\index.php')
INFO - 2024-06-05 15:33:25 --> Session: Class initialized using 'CodeIgniter\Session\Handlers\FileHandler' driver.
INFO - 2024-06-05 15:33:27 --> Session: Class initialized using 'CodeIgniter\Session\Handlers\FileHandler' driver.
CRITICAL - 2024-06-05 15:33:27 --> CodeIgniter\Database\Exceptions\DatabaseException: You must set the database table to be used with your query.
[Method: POST, Route: transparencia/get_det]
in SYSTEMPATH\Database\BaseConnection.php on line 913.
 1 SYSTEMPATH\Model.php(705): CodeIgniter\Database\BaseConnection->table(null)
 2 SYSTEMPATH\Model.php(886): CodeIgniter\Model->builder()
 3 APPPATH\Modules\Panel\Pagina\Licitaciones\Models\LicitacionModel.php(152): CodeIgniter\Model->__get('request')
 4 APPPATH\Modules\Web\Controllers\Transparencia.php(62): App\Modules\Panel\Pagina\Licitaciones\Models\LicitacionModel->get_detalle([])
 5 SYSTEMPATH\CodeIgniter.php(933): App\Modules\Web\Controllers\Transparencia->get_det()
 6 SYSTEMPATH\CodeIgniter.php(509): CodeIgniter\CodeIgniter->runController(Object(App\Modules\Web\Controllers\Transparencia))
 7 SYSTEMPATH\CodeIgniter.php(355): CodeIgniter\CodeIgniter->handleRequest(null, Object(Config\Cache), false)
 8 SYSTEMPATH\Boot.php(312): CodeIgniter\CodeIgniter->run()
 9 SYSTEMPATH\Boot.php(67): CodeIgniter\Boot::runCodeIgniter(Object(CodeIgniter\CodeIgniter))
10 FCPATH\index.php(56): CodeIgniter\Boot::bootWeb(Object(Config\Paths))
11 SYSTEMPATH\Commands\Server\rewrite.php(49): require_once('C:\\xampp\\htdocs\\CDEHJ\\public\\index.php')
INFO - 2024-06-05 15:34:49 --> Session: Class initialized using 'CodeIgniter\Session\Handlers\FileHandler' driver.
INFO - 2024-06-05 15:34:50 --> Session: Class initialized using 'CodeIgniter\Session\Handlers\FileHandler' driver.
CRITICAL - 2024-06-05 15:34:50 --> CodeIgniter\Database\Exceptions\DatabaseException: You must set the database table to be used with your query.
[Method: POST, Route: transparencia/get_det]
in SYSTEMPATH\Database\BaseConnection.php on line 913.
 1 SYSTEMPATH\Model.php(705): CodeIgniter\Database\BaseConnection->table(null)
 2 SYSTEMPATH\Model.php(886): CodeIgniter\Model->builder()
 3 APPPATH\Modules\Panel\Pagina\Licitaciones\Models\LicitacionModel.php(139): CodeIgniter\Model->__get('request')
 4 APPPATH\Modules\Web\Controllers\Transparencia.php(62): App\Modules\Panel\Pagina\Licitaciones\Models\LicitacionModel->get_detalle([])
 5 SYSTEMPATH\CodeIgniter.php(933): App\Modules\Web\Controllers\Transparencia->get_det()
 6 SYSTEMPATH\CodeIgniter.php(509): CodeIgniter\CodeIgniter->runController(Object(App\Modules\Web\Controllers\Transparencia))
 7 SYSTEMPATH\CodeIgniter.php(355): CodeIgniter\CodeIgniter->handleRequest(null, Object(Config\Cache), false)
 8 SYSTEMPATH\Boot.php(312): CodeIgniter\CodeIgniter->run()
 9 SYSTEMPATH\Boot.php(67): CodeIgniter\Boot::runCodeIgniter(Object(CodeIgniter\CodeIgniter))
10 FCPATH\index.php(56): CodeIgniter\Boot::bootWeb(Object(Config\Paths))
11 SYSTEMPATH\Commands\Server\rewrite.php(49): require_once('C:\\xampp\\htdocs\\CDEHJ\\public\\index.php')
INFO - 2024-06-05 15:36:06 --> Session: Class initialized using 'CodeIgniter\Session\Handlers\FileHandler' driver.
CRITICAL - 2024-06-05 15:36:06 --> ParseError: Unclosed '{' on line 9
[Method: GET, Route: transparencia/licitaciones/123/detalle]
in APPPATH\Modules\Panel\Pagina\Licitaciones\Models\LicitacionModel.php on line 209.
 1 VENDORPATH\composer\ClassLoader.php(427): Composer\Autoload\{closure}('C:\\xampp\\htdocs\\CDEHJ\\vendor\\composer/../../app/Modules/Panel/Pagina/Licitaciones/Models/LicitacionModel.php')
 2 APPPATH\Modules\Web\Controllers\Transparencia.php(26): Composer\Autoload\ClassLoader->loadClass('App\\Modules\\Panel\\Pagina\\Licitaciones\\Models\\LicitacionModel')
 3 SYSTEMPATH\CodeIgniter.php(903): App\Modules\Web\Controllers\Transparencia->__construct()
 4 SYSTEMPATH\CodeIgniter.php(500): CodeIgniter\CodeIgniter->createController()
 5 SYSTEMPATH\CodeIgniter.php(355): CodeIgniter\CodeIgniter->handleRequest(null, Object(Config\Cache), false)
 6 SYSTEMPATH\Boot.php(312): CodeIgniter\CodeIgniter->run()
 7 SYSTEMPATH\Boot.php(67): CodeIgniter\Boot::runCodeIgniter(Object(CodeIgniter\CodeIgniter))
 8 FCPATH\index.php(56): CodeIgniter\Boot::bootWeb(Object(Config\Paths))
 9 SYSTEMPATH\Commands\Server\rewrite.php(49): require_once('C:\\xampp\\htdocs\\CDEHJ\\public\\index.php')
INFO - 2024-06-05 15:36:11 --> Session: Class initialized using 'CodeIgniter\Session\Handlers\FileHandler' driver.
CRITICAL - 2024-06-05 15:36:11 --> ParseError: Unclosed '{' on line 9
[Method: GET, Route: transparencia/licitaciones/123/detalle]
in APPPATH\Modules\Panel\Pagina\Licitaciones\Models\LicitacionModel.php on line 209.
 1 VENDORPATH\composer\ClassLoader.php(427): Composer\Autoload\{closure}('C:\\xampp\\htdocs\\CDEHJ\\vendor\\composer/../../app/Modules/Panel/Pagina/Licitaciones/Models/LicitacionModel.php')
 2 APPPATH\Modules\Web\Controllers\Transparencia.php(26): Composer\Autoload\ClassLoader->loadClass('App\\Modules\\Panel\\Pagina\\Licitaciones\\Models\\LicitacionModel')
 3 SYSTEMPATH\CodeIgniter.php(903): App\Modules\Web\Controllers\Transparencia->__construct()
 4 SYSTEMPATH\CodeIgniter.php(500): CodeIgniter\CodeIgniter->createController()
 5 SYSTEMPATH\CodeIgniter.php(355): CodeIgniter\CodeIgniter->handleRequest(null, Object(Config\Cache), false)
 6 SYSTEMPATH\Boot.php(312): CodeIgniter\CodeIgniter->run()
 7 SYSTEMPATH\Boot.php(67): CodeIgniter\Boot::runCodeIgniter(Object(CodeIgniter\CodeIgniter))
 8 FCPATH\index.php(56): CodeIgniter\Boot::bootWeb(Object(Config\Paths))
 9 SYSTEMPATH\Commands\Server\rewrite.php(49): require_once('C:\\xampp\\htdocs\\CDEHJ\\public\\index.php')
INFO - 2024-06-05 15:37:11 --> Session: Class initialized using 'CodeIgniter\Session\Handlers\FileHandler' driver.
INFO - 2024-06-05 15:37:12 --> Session: Class initialized using 'CodeIgniter\Session\Handlers\FileHandler' driver.
CRITICAL - 2024-06-05 15:37:12 --> CodeIgniter\Database\Exceptions\DatabaseException: You must set the database table to be used with your query.
[Method: POST, Route: transparencia/get_det]
in SYSTEMPATH\Database\BaseConnection.php on line 913.
 1 SYSTEMPATH\Model.php(705): CodeIgniter\Database\BaseConnection->table(null)
 2 SYSTEMPATH\Model.php(886): CodeIgniter\Model->builder()
 3 APPPATH\Modules\Panel\Pagina\Licitaciones\Models\LicitacionModel.php(139): CodeIgniter\Model->__get('request')
 4 APPPATH\Modules\Web\Controllers\Transparencia.php(62): App\Modules\Panel\Pagina\Licitaciones\Models\LicitacionModel->get_detalle([])
 5 SYSTEMPATH\CodeIgniter.php(933): App\Modules\Web\Controllers\Transparencia->get_det()
 6 SYSTEMPATH\CodeIgniter.php(509): CodeIgniter\CodeIgniter->runController(Object(App\Modules\Web\Controllers\Transparencia))
 7 SYSTEMPATH\CodeIgniter.php(355): CodeIgniter\CodeIgniter->handleRequest(null, Object(Config\Cache), false)
 8 SYSTEMPATH\Boot.php(312): CodeIgniter\CodeIgniter->run()
 9 SYSTEMPATH\Boot.php(67): CodeIgniter\Boot::runCodeIgniter(Object(CodeIgniter\CodeIgniter))
10 FCPATH\index.php(56): CodeIgniter\Boot::bootWeb(Object(Config\Paths))
11 SYSTEMPATH\Commands\Server\rewrite.php(49): require_once('C:\\xampp\\htdocs\\CDEHJ\\public\\index.php')
INFO - 2024-06-05 15:37:25 --> Session: Class initialized using 'CodeIgniter\Session\Handlers\FileHandler' driver.
INFO - 2024-06-05 15:37:27 --> Session: Class initialized using 'CodeIgniter\Session\Handlers\FileHandler' driver.
CRITICAL - 2024-06-05 15:37:27 --> CodeIgniter\Database\Exceptions\DatabaseException: You must set the database table to be used with your query.
[Method: POST, Route: transparencia/get_det]
in SYSTEMPATH\Database\BaseConnection.php on line 913.
 1 SYSTEMPATH\Model.php(705): CodeIgniter\Database\BaseConnection->table(null)
 2 SYSTEMPATH\Model.php(886): CodeIgniter\Model->builder()
 3 APPPATH\Modules\Panel\Pagina\Licitaciones\Models\LicitacionModel.php(139): CodeIgniter\Model->__get('request')
 4 APPPATH\Modules\Web\Controllers\Transparencia.php(62): App\Modules\Panel\Pagina\Licitaciones\Models\LicitacionModel->get_detalle([])
 5 SYSTEMPATH\CodeIgniter.php(933): App\Modules\Web\Controllers\Transparencia->get_det()
 6 SYSTEMPATH\CodeIgniter.php(509): CodeIgniter\CodeIgniter->runController(Object(App\Modules\Web\Controllers\Transparencia))
 7 SYSTEMPATH\CodeIgniter.php(355): CodeIgniter\CodeIgniter->handleRequest(null, Object(Config\Cache), false)
 8 SYSTEMPATH\Boot.php(312): CodeIgniter\CodeIgniter->run()
 9 SYSTEMPATH\Boot.php(67): CodeIgniter\Boot::runCodeIgniter(Object(CodeIgniter\CodeIgniter))
10 FCPATH\index.php(56): CodeIgniter\Boot::bootWeb(Object(Config\Paths))
11 SYSTEMPATH\Commands\Server\rewrite.php(49): require_once('C:\\xampp\\htdocs\\CDEHJ\\public\\index.php')
INFO - 2024-06-05 15:37:47 --> Session: Class initialized using 'CodeIgniter\Session\Handlers\FileHandler' driver.
INFO - 2024-06-05 15:37:59 --> Session: Class initialized using 'CodeIgniter\Session\Handlers\FileHandler' driver.
INFO - 2024-06-05 15:38:00 --> Session: Class initialized using 'CodeIgniter\Session\Handlers\FileHandler' driver.
CRITICAL - 2024-06-05 15:38:00 --> CodeIgniter\Database\Exceptions\DatabaseException: You must set the database table to be used with your query.
[Method: POST, Route: transparencia/get_det]
in SYSTEMPATH\Database\BaseConnection.php on line 913.
 1 SYSTEMPATH\Model.php(705): CodeIgniter\Database\BaseConnection->table(null)
 2 SYSTEMPATH\Model.php(886): CodeIgniter\Model->builder()
 3 APPPATH\Modules\Panel\Pagina\Licitaciones\Models\LicitacionModel.php(139): CodeIgniter\Model->__get('request')
 4 APPPATH\Modules\Web\Controllers\Transparencia.php(62): App\Modules\Panel\Pagina\Licitaciones\Models\LicitacionModel->get_detalle([])
 5 SYSTEMPATH\CodeIgniter.php(933): App\Modules\Web\Controllers\Transparencia->get_det()
 6 SYSTEMPATH\CodeIgniter.php(509): CodeIgniter\CodeIgniter->runController(Object(App\Modules\Web\Controllers\Transparencia))
 7 SYSTEMPATH\CodeIgniter.php(355): CodeIgniter\CodeIgniter->handleRequest(null, Object(Config\Cache), false)
 8 SYSTEMPATH\Boot.php(312): CodeIgniter\CodeIgniter->run()
 9 SYSTEMPATH\Boot.php(67): CodeIgniter\Boot::runCodeIgniter(Object(CodeIgniter\CodeIgniter))
10 FCPATH\index.php(56): CodeIgniter\Boot::bootWeb(Object(Config\Paths))
11 SYSTEMPATH\Commands\Server\rewrite.php(49): require_once('C:\\xampp\\htdocs\\CDEHJ\\public\\index.php')
INFO - 2024-06-05 15:40:00 --> Session: Class initialized using 'CodeIgniter\Session\Handlers\FileHandler' driver.
CRITICAL - 2024-06-05 15:40:00 --> CodeIgniter\Database\Exceptions\DatabaseException: You must set the database table to be used with your query.
[Method: GET, Route: transparencia/licitaciones]
in SYSTEMPATH\Database\BaseConnection.php on line 913.
 1 SYSTEMPATH\Model.php(705): CodeIgniter\Database\BaseConnection->table(null)
 2 SYSTEMPATH\Model.php(911): CodeIgniter\Model->builder()
 3 APPPATH\Modules\Web\Controllers\Transparencia.php(100): CodeIgniter\Model->__call('get_licitaciones', [...])
 4 SYSTEMPATH\CodeIgniter.php(933): App\Modules\Web\Controllers\Transparencia->licitaciones()
 5 SYSTEMPATH\CodeIgniter.php(509): CodeIgniter\CodeIgniter->runController(Object(App\Modules\Web\Controllers\Transparencia))
 6 SYSTEMPATH\CodeIgniter.php(355): CodeIgniter\CodeIgniter->handleRequest(null, Object(Config\Cache), false)
 7 SYSTEMPATH\Boot.php(312): CodeIgniter\CodeIgniter->run()
 8 SYSTEMPATH\Boot.php(67): CodeIgniter\Boot::runCodeIgniter(Object(CodeIgniter\CodeIgniter))
 9 FCPATH\index.php(56): CodeIgniter\Boot::bootWeb(Object(Config\Paths))
10 SYSTEMPATH\Commands\Server\rewrite.php(49): require_once('C:\\xampp\\htdocs\\CDEHJ\\public\\index.php')
INFO - 2024-06-05 15:40:14 --> Session: Class initialized using 'CodeIgniter\Session\Handlers\FileHandler' driver.
INFO - 2024-06-05 15:40:15 --> Session: Class initialized using 'CodeIgniter\Session\Handlers\FileHandler' driver.
INFO - 2024-06-05 15:40:17 --> Session: Class initialized using 'CodeIgniter\Session\Handlers\FileHandler' driver.
INFO - 2024-06-05 15:40:18 --> Session: Class initialized using 'CodeIgniter\Session\Handlers\FileHandler' driver.
CRITICAL - 2024-06-05 15:40:18 --> CodeIgniter\Database\Exceptions\DatabaseException: You must set the database table to be used with your query.
[Method: POST, Route: transparencia/get_det]
in SYSTEMPATH\Database\BaseConnection.php on line 913.
 1 SYSTEMPATH\Model.php(705): CodeIgniter\Database\BaseConnection->table(null)
 2 SYSTEMPATH\Model.php(911): CodeIgniter\Model->builder()
 3 APPPATH\Modules\Web\Controllers\Transparencia.php(62): CodeIgniter\Model->__call('get_detalle', [...])
 4 SYSTEMPATH\CodeIgniter.php(933): App\Modules\Web\Controllers\Transparencia->get_det()
 5 SYSTEMPATH\CodeIgniter.php(509): CodeIgniter\CodeIgniter->runController(Object(App\Modules\Web\Controllers\Transparencia))
 6 SYSTEMPATH\CodeIgniter.php(355): CodeIgniter\CodeIgniter->handleRequest(null, Object(Config\Cache), false)
 7 SYSTEMPATH\Boot.php(312): CodeIgniter\CodeIgniter->run()
 8 SYSTEMPATH\Boot.php(67): CodeIgniter\Boot::runCodeIgniter(Object(CodeIgniter\CodeIgniter))
 9 FCPATH\index.php(56): CodeIgniter\Boot::bootWeb(Object(Config\Paths))
10 SYSTEMPATH\Commands\Server\rewrite.php(49): require_once('C:\\xampp\\htdocs\\CDEHJ\\public\\index.php')
INFO - 2024-06-05 15:40:52 --> Session: Class initialized using 'CodeIgniter\Session\Handlers\FileHandler' driver.
INFO - 2024-06-05 15:40:53 --> Session: Class initialized using 'CodeIgniter\Session\Handlers\FileHandler' driver.
CRITICAL - 2024-06-05 15:40:53 --> CodeIgniter\Database\Exceptions\DatabaseException: You must set the database table to be used with your query.
[Method: POST, Route: transparencia/get_det]
in SYSTEMPATH\Database\BaseConnection.php on line 913.
 1 SYSTEMPATH\Model.php(705): CodeIgniter\Database\BaseConnection->table(null)
 2 SYSTEMPATH\Model.php(911): CodeIgniter\Model->builder()
 3 APPPATH\Modules\Web\Controllers\Transparencia.php(62): CodeIgniter\Model->__call('get_detalle', [...])
 4 SYSTEMPATH\CodeIgniter.php(933): App\Modules\Web\Controllers\Transparencia->get_det()
 5 SYSTEMPATH\CodeIgniter.php(509): CodeIgniter\CodeIgniter->runController(Object(App\Modules\Web\Controllers\Transparencia))
 6 SYSTEMPATH\CodeIgniter.php(355): CodeIgniter\CodeIgniter->handleRequest(null, Object(Config\Cache), false)
 7 SYSTEMPATH\Boot.php(312): CodeIgniter\CodeIgniter->run()
 8 SYSTEMPATH\Boot.php(67): CodeIgniter\Boot::runCodeIgniter(Object(CodeIgniter\CodeIgniter))
 9 FCPATH\index.php(56): CodeIgniter\Boot::bootWeb(Object(Config\Paths))
10 SYSTEMPATH\Commands\Server\rewrite.php(49): require_once('C:\\xampp\\htdocs\\CDEHJ\\public\\index.php')
INFO - 2024-06-05 15:45:57 --> Session: Class initialized using 'CodeIgniter\Session\Handlers\FileHandler' driver.
INFO - 2024-06-05 15:45:59 --> Session: Class initialized using 'CodeIgniter\Session\Handlers\FileHandler' driver.
INFO - 2024-06-05 15:46:09 --> Session: Class initialized using 'CodeIgniter\Session\Handlers\FileHandler' driver.
INFO - 2024-06-05 15:47:07 --> Session: Class initialized using 'CodeIgniter\Session\Handlers\FileHandler' driver.
INFO - 2024-06-05 15:47:09 --> Session: Class initialized using 'CodeIgniter\Session\Handlers\FileHandler' driver.
INFO - 2024-06-05 15:47:14 --> Session: Class initialized using 'CodeIgniter\Session\Handlers\FileHandler' driver.
INFO - 2024-06-05 15:47:15 --> Session: Class initialized using 'CodeIgniter\Session\Handlers\FileHandler' driver.
INFO - 2024-06-05 15:47:23 --> Session: Class initialized using 'CodeIgniter\Session\Handlers\FileHandler' driver.
INFO - 2024-06-05 15:55:34 --> Session: Class initialized using 'CodeIgniter\Session\Handlers\FileHandler' driver.
INFO - 2024-06-05 15:55:36 --> Session: Class initialized using 'CodeIgniter\Session\Handlers\FileHandler' driver.
INFO - 2024-06-05 15:58:23 --> Session: Class initialized using 'CodeIgniter\Session\Handlers\FileHandler' driver.
INFO - 2024-06-05 15:58:24 --> Session: Class initialized using 'CodeIgniter\Session\Handlers\FileHandler' driver.
INFO - 2024-06-05 16:04:30 --> Session: Class initialized using 'CodeIgniter\Session\Handlers\FileHandler' driver.
INFO - 2024-06-05 16:05:02 --> Session: Class initialized using 'CodeIgniter\Session\Handlers\FileHandler' driver.
INFO - 2024-06-05 16:07:36 --> Session: Class initialized using 'CodeIgniter\Session\Handlers\FileHandler' driver.
ERROR - 2024-06-05 16:07:37 --> mysqli_sql_exception: Incorrect parameter count in the call to native function 'JSON_OBJECT' in C:\xampp\htdocs\CDEHJ\vendor\codeigniter4\framework\system\Database\MySQLi\Connection.php:308
Stack trace:
#0 C:\xampp\htdocs\CDEHJ\vendor\codeigniter4\framework\system\Database\MySQLi\Connection.php(308): mysqli->query('SELECT `l`.*, `...', 0)
#1 C:\xampp\htdocs\CDEHJ\vendor\codeigniter4\framework\system\Database\BaseConnection.php(722): CodeIgniter\Database\MySQLi\Connection->execute('SELECT `l`.*, `...')
#2 C:\xampp\htdocs\CDEHJ\vendor\codeigniter4\framework\system\Database\BaseConnection.php(636): CodeIgniter\Database\BaseConnection->simpleQuery('SELECT `l`.*, `...')
#3 C:\xampp\htdocs\CDEHJ\vendor\codeigniter4\framework\system\Database\BaseBuilder.php(1629): CodeIgniter\Database\BaseConnection->query('SELECT `l`.*, `...', Array, false)
#4 C:\xampp\htdocs\CDEHJ\app\Modules\Panel\Pagina\Licitaciones\Models\LicitacionModel.php(132): CodeIgniter\Database\BaseBuilder->get()
#5 C:\xampp\htdocs\CDEHJ\app\Modules\Web\Controllers\Transparencia.php(114): App\Modules\Panel\Pagina\Licitaciones\Models\LicitacionModel->get_licitaciones(Array)
#6 C:\xampp\htdocs\CDEHJ\vendor\codeigniter4\framework\system\CodeIgniter.php(933): App\Modules\Web\Controllers\Transparencia->detalle('124')
#7 C:\xampp\htdocs\CDEHJ\vendor\codeigniter4\framework\system\CodeIgniter.php(509): CodeIgniter\CodeIgniter->runController(Object(App\Modules\Web\Controllers\Transparencia))
#8 C:\xampp\htdocs\CDEHJ\vendor\codeigniter4\framework\system\CodeIgniter.php(355): CodeIgniter\CodeIgniter->handleRequest(NULL, Object(Config\Cache), false)
#9 C:\xampp\htdocs\CDEHJ\vendor\codeigniter4\framework\system\Boot.php(312): CodeIgniter\CodeIgniter->run()
#10 C:\xampp\htdocs\CDEHJ\vendor\codeigniter4\framework\system\Boot.php(67): CodeIgniter\Boot::runCodeIgniter(Object(CodeIgniter\CodeIgniter))
#11 C:\xampp\htdocs\CDEHJ\public\index.php(56): CodeIgniter\Boot::bootWeb(Object(Config\Paths))
#12 C:\xampp\htdocs\CDEHJ\vendor\codeigniter4\framework\system\Commands\Server\rewrite.php(49): require_once('C:\\xampp\\htdocs...')
#13 {main}
CRITICAL - 2024-06-05 16:07:37 --> CodeIgniter\Database\Exceptions\DatabaseException: Incorrect parameter count in the call to native function 'JSON_OBJECT'
[Method: GET, Route: transparencia/licitaciones/124/detalle]
in SYSTEMPATH\Database\BaseConnection.php on line 676.
 1 SYSTEMPATH\Database\BaseBuilder.php(1629): CodeIgniter\Database\BaseConnection->query('SELECT `l`.*, `cet`.*, DATE_FORMAT(COALESCE(l.updated_at, l.created_at), "%d/%m/%Y %h:%i %p") as ultima_modificacion, concat_ws(\' \', `u`.`nombres`, `u`.`ape_paterno`, u.ape_materno) as creador, JSON_ARRAYAGG(
                            JSON_OBJECT(
                            \'id_archivo_licitacion\', `la`.`id_archivo_licitacion`, \'nombre_archivo\', `la`.`nombre_archivo`, \'ruta_archivo\', la.ruta_archivo
                            \'created_at\', la.created_at
                            )
                        ) as archivos_json
FROM `licitaciones` as `l`
JOIN `usuarios` as `u` ON `u`.`id_usuario` = `l`.`created_by`
JOIN `cat_estatus_transparencia` as `cet` ON `cet`.`id_estatus` = `l`.`id_estatus`
LEFT JOIN `licitaciones_archivos` as `la` ON `la`.`id_licitacion` = `l`.`id_licitacion`
WHERE `l`.`id_licitacion` = :l.id_licitacion:
GROUP BY `l`.`id_licitacion`
ORDER BY `l`.`created_at` DESC', [...], false)
 2 APPPATH\Modules\Panel\Pagina\Licitaciones\Models\LicitacionModel.php(132): CodeIgniter\Database\BaseBuilder->get()
 3 APPPATH\Modules\Web\Controllers\Transparencia.php(114): App\Modules\Panel\Pagina\Licitaciones\Models\LicitacionModel->get_licitaciones([...])
 4 SYSTEMPATH\CodeIgniter.php(933): App\Modules\Web\Controllers\Transparencia->detalle('124')
 5 SYSTEMPATH\CodeIgniter.php(509): CodeIgniter\CodeIgniter->runController(Object(App\Modules\Web\Controllers\Transparencia))
 6 SYSTEMPATH\CodeIgniter.php(355): CodeIgniter\CodeIgniter->handleRequest(null, Object(Config\Cache), false)
 7 SYSTEMPATH\Boot.php(312): CodeIgniter\CodeIgniter->run()
 8 SYSTEMPATH\Boot.php(67): CodeIgniter\Boot::runCodeIgniter(Object(CodeIgniter\CodeIgniter))
 9 FCPATH\index.php(56): CodeIgniter\Boot::bootWeb(Object(Config\Paths))
10 SYSTEMPATH\Commands\Server\rewrite.php(49): require_once('C:\\xampp\\htdocs\\CDEHJ\\public\\index.php')
CRITICAL - 2024-06-05 16:07:37 --> [Caused by] CodeIgniter\Database\Exceptions\DatabaseException: Incorrect parameter count in the call to native function 'JSON_OBJECT'
in SYSTEMPATH\Database\MySQLi\Connection.php on line 313.
 1 SYSTEMPATH\Database\BaseConnection.php(722): CodeIgniter\Database\MySQLi\Connection->execute('SELECT `l`.*, `cet`.*, DATE_FORMAT(COALESCE(l.updated_at, l.created_at), "%d/%m/%Y %h:%i %p") as ultima_modificacion, concat_ws(\' \', `u`.`nombres`, `u`.`ape_paterno`, u.ape_materno) as creador, JSON_ARRAYAGG(
                            JSON_OBJECT(
                            \'id_archivo_licitacion\', `la`.`id_archivo_licitacion`, \'nombre_archivo\', `la`.`nombre_archivo`, \'ruta_archivo\', la.ruta_archivo
                            \'created_at\', la.created_at
                            )
                        ) as archivos_json
FROM `licitaciones` as `l`
JOIN `usuarios` as `u` ON `u`.`id_usuario` = `l`.`created_by`
JOIN `cat_estatus_transparencia` as `cet` ON `cet`.`id_estatus` = `l`.`id_estatus`
LEFT JOIN `licitaciones_archivos` as `la` ON `la`.`id_licitacion` = `l`.`id_licitacion`
WHERE `l`.`id_licitacion` = \'124\'
GROUP BY `l`.`id_licitacion`
ORDER BY `l`.`created_at` DESC')
 2 SYSTEMPATH\Database\BaseConnection.php(636): CodeIgniter\Database\BaseConnection->simpleQuery('SELECT `l`.*, `cet`.*, DATE_FORMAT(COALESCE(l.updated_at, l.created_at), "%d/%m/%Y %h:%i %p") as ultima_modificacion, concat_ws(\' \', `u`.`nombres`, `u`.`ape_paterno`, u.ape_materno) as creador, JSON_ARRAYAGG(
                            JSON_OBJECT(
                            \'id_archivo_licitacion\', `la`.`id_archivo_licitacion`, \'nombre_archivo\', `la`.`nombre_archivo`, \'ruta_archivo\', la.ruta_archivo
                            \'created_at\', la.created_at
                            )
                        ) as archivos_json
FROM `licitaciones` as `l`
JOIN `usuarios` as `u` ON `u`.`id_usuario` = `l`.`created_by`
JOIN `cat_estatus_transparencia` as `cet` ON `cet`.`id_estatus` = `l`.`id_estatus`
LEFT JOIN `licitaciones_archivos` as `la` ON `la`.`id_licitacion` = `l`.`id_licitacion`
WHERE `l`.`id_licitacion` = \'124\'
GROUP BY `l`.`id_licitacion`
ORDER BY `l`.`created_at` DESC')
 3 SYSTEMPATH\Database\BaseBuilder.php(1629): CodeIgniter\Database\BaseConnection->query('SELECT `l`.*, `cet`.*, DATE_FORMAT(COALESCE(l.updated_at, l.created_at), "%d/%m/%Y %h:%i %p") as ultima_modificacion, concat_ws(\' \', `u`.`nombres`, `u`.`ape_paterno`, u.ape_materno) as creador, JSON_ARRAYAGG(
                            JSON_OBJECT(
                            \'id_archivo_licitacion\', `la`.`id_archivo_licitacion`, \'nombre_archivo\', `la`.`nombre_archivo`, \'ruta_archivo\', la.ruta_archivo
                            \'created_at\', la.created_at
                            )
                        ) as archivos_json
FROM `licitaciones` as `l`
JOIN `usuarios` as `u` ON `u`.`id_usuario` = `l`.`created_by`
JOIN `cat_estatus_transparencia` as `cet` ON `cet`.`id_estatus` = `l`.`id_estatus`
LEFT JOIN `licitaciones_archivos` as `la` ON `la`.`id_licitacion` = `l`.`id_licitacion`
WHERE `l`.`id_licitacion` = :l.id_licitacion:
GROUP BY `l`.`id_licitacion`
ORDER BY `l`.`created_at` DESC', [...], false)
 4 APPPATH\Modules\Panel\Pagina\Licitaciones\Models\LicitacionModel.php(132): CodeIgniter\Database\BaseBuilder->get()
 5 APPPATH\Modules\Web\Controllers\Transparencia.php(114): App\Modules\Panel\Pagina\Licitaciones\Models\LicitacionModel->get_licitaciones([...])
 6 SYSTEMPATH\CodeIgniter.php(933): App\Modules\Web\Controllers\Transparencia->detalle('124')
 7 SYSTEMPATH\CodeIgniter.php(509): CodeIgniter\CodeIgniter->runController(Object(App\Modules\Web\Controllers\Transparencia))
 8 SYSTEMPATH\CodeIgniter.php(355): CodeIgniter\CodeIgniter->handleRequest(null, Object(Config\Cache), false)
 9 SYSTEMPATH\Boot.php(312): CodeIgniter\CodeIgniter->run()
10 SYSTEMPATH\Boot.php(67): CodeIgniter\Boot::runCodeIgniter(Object(CodeIgniter\CodeIgniter))
11 FCPATH\index.php(56): CodeIgniter\Boot::bootWeb(Object(Config\Paths))
12 SYSTEMPATH\Commands\Server\rewrite.php(49): require_once('C:\\xampp\\htdocs\\CDEHJ\\public\\index.php')
CRITICAL - 2024-06-05 16:07:37 --> [Caused by] mysqli_sql_exception: Incorrect parameter count in the call to native function 'JSON_OBJECT'
in SYSTEMPATH\Database\MySQLi\Connection.php on line 308.
 1 SYSTEMPATH\Database\MySQLi\Connection.php(308): mysqli->query('SELECT `l`.*, `cet`.*, DATE_FORMAT(COALESCE(l.updated_at, l.created_at), "%d/%m/%Y %h:%i %p") as ultima_modificacion, concat_ws(\' \', `u`.`nombres`, `u`.`ape_paterno`, u.ape_materno) as creador, JSON_ARRAYAGG(
                            JSON_OBJECT(
                            \'id_archivo_licitacion\', `la`.`id_archivo_licitacion`, \'nombre_archivo\', `la`.`nombre_archivo`, \'ruta_archivo\', la.ruta_archivo
                            \'created_at\', la.created_at
                            )
                        ) as archivos_json
FROM `licitaciones` as `l`
JOIN `usuarios` as `u` ON `u`.`id_usuario` = `l`.`created_by`
JOIN `cat_estatus_transparencia` as `cet` ON `cet`.`id_estatus` = `l`.`id_estatus`
LEFT JOIN `licitaciones_archivos` as `la` ON `la`.`id_licitacion` = `l`.`id_licitacion`
WHERE `l`.`id_licitacion` = \'124\'
GROUP BY `l`.`id_licitacion`
ORDER BY `l`.`created_at` DESC', 0)
 2 SYSTEMPATH\Database\BaseConnection.php(722): CodeIgniter\Database\MySQLi\Connection->execute('SELECT `l`.*, `cet`.*, DATE_FORMAT(COALESCE(l.updated_at, l.created_at), "%d/%m/%Y %h:%i %p") as ultima_modificacion, concat_ws(\' \', `u`.`nombres`, `u`.`ape_paterno`, u.ape_materno) as creador, JSON_ARRAYAGG(
                            JSON_OBJECT(
                            \'id_archivo_licitacion\', `la`.`id_archivo_licitacion`, \'nombre_archivo\', `la`.`nombre_archivo`, \'ruta_archivo\', la.ruta_archivo
                            \'created_at\', la.created_at
                            )
                        ) as archivos_json
FROM `licitaciones` as `l`
JOIN `usuarios` as `u` ON `u`.`id_usuario` = `l`.`created_by`
JOIN `cat_estatus_transparencia` as `cet` ON `cet`.`id_estatus` = `l`.`id_estatus`
LEFT JOIN `licitaciones_archivos` as `la` ON `la`.`id_licitacion` = `l`.`id_licitacion`
WHERE `l`.`id_licitacion` = \'124\'
GROUP BY `l`.`id_licitacion`
ORDER BY `l`.`created_at` DESC')
 3 SYSTEMPATH\Database\BaseConnection.php(636): CodeIgniter\Database\BaseConnection->simpleQuery('SELECT `l`.*, `cet`.*, DATE_FORMAT(COALESCE(l.updated_at, l.created_at), "%d/%m/%Y %h:%i %p") as ultima_modificacion, concat_ws(\' \', `u`.`nombres`, `u`.`ape_paterno`, u.ape_materno) as creador, JSON_ARRAYAGG(
                            JSON_OBJECT(
                            \'id_archivo_licitacion\', `la`.`id_archivo_licitacion`, \'nombre_archivo\', `la`.`nombre_archivo`, \'ruta_archivo\', la.ruta_archivo
                            \'created_at\', la.created_at
                            )
                        ) as archivos_json
FROM `licitaciones` as `l`
JOIN `usuarios` as `u` ON `u`.`id_usuario` = `l`.`created_by`
JOIN `cat_estatus_transparencia` as `cet` ON `cet`.`id_estatus` = `l`.`id_estatus`
LEFT JOIN `licitaciones_archivos` as `la` ON `la`.`id_licitacion` = `l`.`id_licitacion`
WHERE `l`.`id_licitacion` = \'124\'
GROUP BY `l`.`id_licitacion`
ORDER BY `l`.`created_at` DESC')
 4 SYSTEMPATH\Database\BaseBuilder.php(1629): CodeIgniter\Database\BaseConnection->query('SELECT `l`.*, `cet`.*, DATE_FORMAT(COALESCE(l.updated_at, l.created_at), "%d/%m/%Y %h:%i %p") as ultima_modificacion, concat_ws(\' \', `u`.`nombres`, `u`.`ape_paterno`, u.ape_materno) as creador, JSON_ARRAYAGG(
                            JSON_OBJECT(
                            \'id_archivo_licitacion\', `la`.`id_archivo_licitacion`, \'nombre_archivo\', `la`.`nombre_archivo`, \'ruta_archivo\', la.ruta_archivo
                            \'created_at\', la.created_at
                            )
                        ) as archivos_json
FROM `licitaciones` as `l`
JOIN `usuarios` as `u` ON `u`.`id_usuario` = `l`.`created_by`
JOIN `cat_estatus_transparencia` as `cet` ON `cet`.`id_estatus` = `l`.`id_estatus`
LEFT JOIN `licitaciones_archivos` as `la` ON `la`.`id_licitacion` = `l`.`id_licitacion`
WHERE `l`.`id_licitacion` = :l.id_licitacion:
GROUP BY `l`.`id_licitacion`
ORDER BY `l`.`created_at` DESC', [...], false)
 5 APPPATH\Modules\Panel\Pagina\Licitaciones\Models\LicitacionModel.php(132): CodeIgniter\Database\BaseBuilder->get()
 6 APPPATH\Modules\Web\Controllers\Transparencia.php(114): App\Modules\Panel\Pagina\Licitaciones\Models\LicitacionModel->get_licitaciones([...])
 7 SYSTEMPATH\CodeIgniter.php(933): App\Modules\Web\Controllers\Transparencia->detalle('124')
 8 SYSTEMPATH\CodeIgniter.php(509): CodeIgniter\CodeIgniter->runController(Object(App\Modules\Web\Controllers\Transparencia))
 9 SYSTEMPATH\CodeIgniter.php(355): CodeIgniter\CodeIgniter->handleRequest(null, Object(Config\Cache), false)
10 SYSTEMPATH\Boot.php(312): CodeIgniter\CodeIgniter->run()
11 SYSTEMPATH\Boot.php(67): CodeIgniter\Boot::runCodeIgniter(Object(CodeIgniter\CodeIgniter))
12 FCPATH\index.php(56): CodeIgniter\Boot::bootWeb(Object(Config\Paths))
13 SYSTEMPATH\Commands\Server\rewrite.php(49): require_once('C:\\xampp\\htdocs\\CDEHJ\\public\\index.php')
INFO - 2024-06-05 16:07:54 --> Session: Class initialized using 'CodeIgniter\Session\Handlers\FileHandler' driver.
INFO - 2024-06-05 16:09:31 --> Session: Class initialized using 'CodeIgniter\Session\Handlers\FileHandler' driver.
INFO - 2024-06-05 16:15:24 --> Session: Class initialized using 'CodeIgniter\Session\Handlers\FileHandler' driver.
INFO - 2024-06-05 16:21:30 --> Session: Class initialized using 'CodeIgniter\Session\Handlers\FileHandler' driver.
INFO - 2024-06-05 16:21:33 --> Session: Class initialized using 'CodeIgniter\Session\Handlers\FileHandler' driver.
INFO - 2024-06-05 16:21:38 --> Session: Class initialized using 'CodeIgniter\Session\Handlers\FileHandler' driver.
INFO - 2024-06-05 16:21:39 --> Session: Class initialized using 'CodeIgniter\Session\Handlers\FileHandler' driver.
INFO - 2024-06-05 16:21:46 --> Session: Class initialized using 'CodeIgniter\Session\Handlers\FileHandler' driver.
INFO - 2024-06-05 16:21:48 --> Session: Class initialized using 'CodeIgniter\Session\Handlers\FileHandler' driver.
INFO - 2024-06-05 16:21:52 --> Session: Class initialized using 'CodeIgniter\Session\Handlers\FileHandler' driver.
INFO - 2024-06-05 16:22:43 --> Session: Class initialized using 'CodeIgniter\Session\Handlers\FileHandler' driver.
INFO - 2024-06-05 16:24:23 --> Session: Class initialized using 'CodeIgniter\Session\Handlers\FileHandler' driver.
INFO - 2024-06-05 17:47:12 --> Session: Class initialized using 'CodeIgniter\Session\Handlers\FileHandler' driver.
INFO - 2024-06-05 17:47:16 --> Session: Class initialized using 'CodeIgniter\Session\Handlers\FileHandler' driver.
INFO - 2024-06-05 18:21:56 --> Session: Class initialized using 'CodeIgniter\Session\Handlers\FileHandler' driver.
INFO - 2024-06-05 18:22:46 --> Session: Class initialized using 'CodeIgniter\Session\Handlers\FileHandler' driver.
INFO - 2024-06-05 18:24:26 --> Session: Class initialized using 'CodeIgniter\Session\Handlers\FileHandler' driver.
INFO - 2024-06-05 19:47:18 --> Session: Class initialized using 'CodeIgniter\Session\Handlers\FileHandler' driver.
INFO - 2024-06-05 19:47:24 --> Session: Class initialized using 'CodeIgniter\Session\Handlers\FileHandler' driver.
INFO - 2024-06-05 20:22:00 --> Session: Class initialized using 'CodeIgniter\Session\Handlers\FileHandler' driver.
INFO - 2024-06-05 20:22:49 --> Session: Class initialized using 'CodeIgniter\Session\Handlers\FileHandler' driver.
INFO - 2024-06-05 20:24:30 --> Session: Class initialized using 'CodeIgniter\Session\Handlers\FileHandler' driver.
INFO - 2024-06-05 21:47:27 --> Session: Class initialized using 'CodeIgniter\Session\Handlers\FileHandler' driver.
INFO - 2024-06-05 21:47:46 --> Session: Class initialized using 'CodeIgniter\Session\Handlers\FileHandler' driver.
INFO - 2024-06-05 22:22:03 --> Session: Class initialized using 'CodeIgniter\Session\Handlers\FileHandler' driver.
INFO - 2024-06-05 22:22:53 --> Session: Class initialized using 'CodeIgniter\Session\Handlers\FileHandler' driver.
INFO - 2024-06-05 22:24:33 --> Session: Class initialized using 'CodeIgniter\Session\Handlers\FileHandler' driver.
INFO - 2024-06-05 23:47:31 --> Session: Class initialized using 'CodeIgniter\Session\Handlers\FileHandler' driver.
INFO - 2024-06-05 23:47:35 --> Session: Class initialized using 'CodeIgniter\Session\Handlers\FileHandler' driver.
