INFO - 2024-05-09 08:08:52 --> Session: Class initialized using 'CodeIgniter\Session\Handlers\FileHandler' driver.
INFO - 2024-05-09 08:10:46 --> Session: Class initialized using 'CodeIgniter\Session\Handlers\FileHandler' driver.
INFO - 2024-05-09 08:11:06 --> Session: Class initialized using 'CodeIgniter\Session\Handlers\FileHandler' driver.
INFO - 2024-05-09 08:11:28 --> Session: Class initialized using 'CodeIgniter\Session\Handlers\FileHandler' driver.
INFO - 2024-05-09 08:11:37 --> Session: Class initialized using 'CodeIgniter\Session\Handlers\FileHandler' driver.
INFO - 2024-05-09 08:12:40 --> Session: Class initialized using 'CodeIgniter\Session\Handlers\FileHandler' driver.
INFO - 2024-05-09 08:12:49 --> Session: Class initialized using 'CodeIgniter\Session\Handlers\FileHandler' driver.
INFO - 2024-05-09 08:12:53 --> Session: Class initialized using 'CodeIgniter\Session\Handlers\FileHandler' driver.
INFO - 2024-05-09 08:13:29 --> Session: Class initialized using 'CodeIgniter\Session\Handlers\FileHandler' driver.
INFO - 2024-05-09 08:13:33 --> Session: Class initialized using 'CodeIgniter\Session\Handlers\FileHandler' driver.
INFO - 2024-05-09 08:16:00 --> Session: Class initialized using 'CodeIgniter\Session\Handlers\FileHandler' driver.
INFO - 2024-05-09 08:16:28 --> Session: Class initialized using 'CodeIgniter\Session\Handlers\FileHandler' driver.
INFO - 2024-05-09 08:22:16 --> Session: Class initialized using 'CodeIgniter\Session\Handlers\FileHandler' driver.
INFO - 2024-05-09 08:23:02 --> Session: Class initialized using 'CodeIgniter\Session\Handlers\FileHandler' driver.
INFO - 2024-05-09 08:23:02 --> Session: Class initialized using 'CodeIgniter\Session\Handlers\FileHandler' driver.
INFO - 2024-05-09 08:23:02 --> Session: Class initialized using 'CodeIgniter\Session\Handlers\FileHandler' driver.
INFO - 2024-05-09 08:23:03 --> Session: Class initialized using 'CodeIgniter\Session\Handlers\FileHandler' driver.
INFO - 2024-05-09 08:23:03 --> Session: Class initialized using 'CodeIgniter\Session\Handlers\FileHandler' driver.
INFO - 2024-05-09 08:23:04 --> Session: Class initialized using 'CodeIgniter\Session\Handlers\FileHandler' driver.
INFO - 2024-05-09 08:25:26 --> Session: Class initialized using 'CodeIgniter\Session\Handlers\FileHandler' driver.
INFO - 2024-05-09 08:25:26 --> Session: Class initialized using 'CodeIgniter\Session\Handlers\FileHandler' driver.
INFO - 2024-05-09 08:25:27 --> Session: Class initialized using 'CodeIgniter\Session\Handlers\FileHandler' driver.
INFO - 2024-05-09 08:30:26 --> Session: Class initialized using 'CodeIgniter\Session\Handlers\FileHandler' driver.
INFO - 2024-05-09 08:30:31 --> Session: Class initialized using 'CodeIgniter\Session\Handlers\FileHandler' driver.
INFO - 2024-05-09 08:30:39 --> Session: Class initialized using 'CodeIgniter\Session\Handlers\FileHandler' driver.
INFO - 2024-05-09 08:30:53 --> Session: Class initialized using 'CodeIgniter\Session\Handlers\FileHandler' driver.
INFO - 2024-05-09 08:31:14 --> Session: Class initialized using 'CodeIgniter\Session\Handlers\FileHandler' driver.
INFO - 2024-05-09 08:32:44 --> Session: Class initialized using 'CodeIgniter\Session\Handlers\FileHandler' driver.
INFO - 2024-05-09 08:33:25 --> Session: Class initialized using 'CodeIgniter\Session\Handlers\FileHandler' driver.
INFO - 2024-05-09 08:33:54 --> Session: Class initialized using 'CodeIgniter\Session\Handlers\FileHandler' driver.
INFO - 2024-05-09 08:37:31 --> Session: Class initialized using 'CodeIgniter\Session\Handlers\FileHandler' driver.
INFO - 2024-05-09 08:37:57 --> Session: Class initialized using 'CodeIgniter\Session\Handlers\FileHandler' driver.
INFO - 2024-05-09 08:38:06 --> Session: Class initialized using 'CodeIgniter\Session\Handlers\FileHandler' driver.
INFO - 2024-05-09 08:38:47 --> Session: Class initialized using 'CodeIgniter\Session\Handlers\FileHandler' driver.
INFO - 2024-05-09 08:38:50 --> Session: Class initialized using 'CodeIgniter\Session\Handlers\FileHandler' driver.
INFO - 2024-05-09 08:44:10 --> Session: Class initialized using 'CodeIgniter\Session\Handlers\FileHandler' driver.
INFO - 2024-05-09 08:45:54 --> Session: Class initialized using 'CodeIgniter\Session\Handlers\FileHandler' driver.
INFO - 2024-05-09 08:46:19 --> Session: Class initialized using 'CodeIgniter\Session\Handlers\FileHandler' driver.
INFO - 2024-05-09 09:38:12 --> Session: Class initialized using 'CodeIgniter\Session\Handlers\FileHandler' driver.
INFO - 2024-05-09 09:43:02 --> Session: Class initialized using 'CodeIgniter\Session\Handlers\FileHandler' driver.
INFO - 2024-05-09 09:44:44 --> Session: Class initialized using 'CodeIgniter\Session\Handlers\FileHandler' driver.
INFO - 2024-05-09 09:48:02 --> Session: Class initialized using 'CodeIgniter\Session\Handlers\FileHandler' driver.
INFO - 2024-05-09 10:10:57 --> Session: Class initialized using 'CodeIgniter\Session\Handlers\FileHandler' driver.
INFO - 2024-05-09 10:10:59 --> Session: Class initialized using 'CodeIgniter\Session\Handlers\FileHandler' driver.
INFO - 2024-05-09 10:12:15 --> Session: Class initialized using 'CodeIgniter\Session\Handlers\FileHandler' driver.
INFO - 2024-05-09 10:12:28 --> Session: Class initialized using 'CodeIgniter\Session\Handlers\FileHandler' driver.
INFO - 2024-05-09 10:12:29 --> Session: Class initialized using 'CodeIgniter\Session\Handlers\FileHandler' driver.
CRITICAL - 2024-05-09 10:12:29 --> ArgumentCountError: Too few arguments to function App\Modules\Web\Controllers\Conocenos::get_cv(), 0 passed in C:\xampp\htdocs\CDEHJ\vendor\codeigniter4\framework\system\CodeIgniter.php on line 933 and exactly 1 expected
[Method: POST, Route: conocenos/get_cv]
in APPPATH\Modules\Web\Controllers\Conocenos.php on line 37.
 1 SYSTEMPATH\CodeIgniter.php(933): App\Modules\Web\Controllers\Conocenos->get_cv()
 2 SYSTEMPATH\CodeIgniter.php(509): CodeIgniter\CodeIgniter->runController(Object(App\Modules\Web\Controllers\Conocenos))
 3 SYSTEMPATH\CodeIgniter.php(355): CodeIgniter\CodeIgniter->handleRequest(null, Object(Config\Cache), false)
 4 SYSTEMPATH\Boot.php(312): CodeIgniter\CodeIgniter->run()
 5 SYSTEMPATH\Boot.php(67): CodeIgniter\Boot::runCodeIgniter(Object(CodeIgniter\CodeIgniter))
 6 FCPATH\index.php(56): CodeIgniter\Boot::bootWeb(Object(Config\Paths))
 7 SYSTEMPATH\Commands\Server\rewrite.php(49): require_once('C:\\xampp\\htdocs\\CDEHJ\\public\\index.php')
INFO - 2024-05-09 10:25:28 --> Session: Class initialized using 'CodeIgniter\Session\Handlers\FileHandler' driver.
INFO - 2024-05-09 10:25:28 --> Session: Class initialized using 'CodeIgniter\Session\Handlers\FileHandler' driver.
INFO - 2024-05-09 10:25:28 --> Session: Class initialized using 'CodeIgniter\Session\Handlers\FileHandler' driver.
INFO - 2024-05-09 11:08:55 --> Session: Class initialized using 'CodeIgniter\Session\Handlers\FileHandler' driver.
ERROR - 2024-05-09 11:09:05 --> Error connecting to the database: mysqli_sql_exception: Se produjo un error durante el intento de conexión ya que la parte conectada no respondió adecuadamente tras un periodo de tiempo, o bien se produjo un error en la conexión establecida ya que el host conectado no ha podido responder in C:\xampp\htdocs\CDEHJ\vendor\codeigniter4\framework\system\Database\MySQLi\Connection.php:187
Stack trace:
#0 C:\xampp\htdocs\CDEHJ\vendor\codeigniter4\framework\system\Database\MySQLi\Connection.php(187): mysqli->real_connect('200.57.148.184', 'adm-remote', 'Cedhj$2023$', 'esli_db', 3306, '', 0)
#1 C:\xampp\htdocs\CDEHJ\vendor\codeigniter4\framework\system\Database\BaseConnection.php(421): CodeIgniter\Database\MySQLi\Connection->connect(false)
#2 C:\xampp\htdocs\CDEHJ\vendor\codeigniter4\framework\system\Database\BaseConnection.php(604): CodeIgniter\Database\BaseConnection->initialize()
#3 C:\xampp\htdocs\CDEHJ\vendor\codeigniter4\framework\system\Database\BaseBuilder.php(1629): CodeIgniter\Database\BaseConnection->query('SELECT `l`.*, `...', Array, false)
#4 C:\xampp\htdocs\CDEHJ\app\Modules\Panel\Pagina\Conocenos\Models\ConocenosModel.php(145): CodeIgniter\Database\BaseBuilder->get()
#5 C:\xampp\htdocs\CDEHJ\app\Modules\Web\Controllers\Conocenos.php(62): App\Modules\Panel\Pagina\Conocenos\Models\ConocenosModel->get_curriculum(Array)
#6 C:\xampp\htdocs\CDEHJ\vendor\codeigniter4\framework\system\CodeIgniter.php(933): App\Modules\Web\Controllers\Conocenos->estructura()
#7 C:\xampp\htdocs\CDEHJ\vendor\codeigniter4\framework\system\CodeIgniter.php(509): CodeIgniter\CodeIgniter->runController(Object(App\Modules\Web\Controllers\Conocenos))
#8 C:\xampp\htdocs\CDEHJ\vendor\codeigniter4\framework\system\CodeIgniter.php(355): CodeIgniter\CodeIgniter->handleRequest(NULL, Object(Config\Cache), false)
#9 C:\xampp\htdocs\CDEHJ\vendor\codeigniter4\framework\system\Boot.php(312): CodeIgniter\CodeIgniter->run()
#10 C:\xampp\htdocs\CDEHJ\vendor\codeigniter4\framework\system\Boot.php(67): CodeIgniter\Boot::runCodeIgniter(Object(CodeIgniter\CodeIgniter))
#11 C:\xampp\htdocs\CDEHJ\public\index.php(56): CodeIgniter\Boot::bootWeb(Object(Config\Paths))
#12 C:\xampp\htdocs\CDEHJ\vendor\codeigniter4\framework\system\Commands\Server\rewrite.php(49): require_once('C:\\xampp\\htdocs...')
#13 {main}

Next CodeIgniter\Database\Exceptions\DatabaseException: Se produjo un error durante el intento de conexión ya que la parte conectada no respondió adecuadamente tras un periodo de tiempo, o bien se produjo un error en la conexión establecida ya que el host conectado no ha podido responder in C:\xampp\htdocs\CDEHJ\vendor\codeigniter4\framework\system\Database\MySQLi\Connection.php:231
Stack trace:
#0 C:\xampp\htdocs\CDEHJ\vendor\codeigniter4\framework\system\Database\BaseConnection.php(421): CodeIgniter\Database\MySQLi\Connection->connect(false)
#1 C:\xampp\htdocs\CDEHJ\vendor\codeigniter4\framework\system\Database\BaseConnection.php(604): CodeIgniter\Database\BaseConnection->initialize()
#2 C:\xampp\htdocs\CDEHJ\vendor\codeigniter4\framework\system\Database\BaseBuilder.php(1629): CodeIgniter\Database\BaseConnection->query('SELECT `l`.*, `...', Array, false)
#3 C:\xampp\htdocs\CDEHJ\app\Modules\Panel\Pagina\Conocenos\Models\ConocenosModel.php(145): CodeIgniter\Database\BaseBuilder->get()
#4 C:\xampp\htdocs\CDEHJ\app\Modules\Web\Controllers\Conocenos.php(62): App\Modules\Panel\Pagina\Conocenos\Models\ConocenosModel->get_curriculum(Array)
#5 C:\xampp\htdocs\CDEHJ\vendor\codeigniter4\framework\system\CodeIgniter.php(933): App\Modules\Web\Controllers\Conocenos->estructura()
#6 C:\xampp\htdocs\CDEHJ\vendor\codeigniter4\framework\system\CodeIgniter.php(509): CodeIgniter\CodeIgniter->runController(Object(App\Modules\Web\Controllers\Conocenos))
#7 C:\xampp\htdocs\CDEHJ\vendor\codeigniter4\framework\system\CodeIgniter.php(355): CodeIgniter\CodeIgniter->handleRequest(NULL, Object(Config\Cache), false)
#8 C:\xampp\htdocs\CDEHJ\vendor\codeigniter4\framework\system\Boot.php(312): CodeIgniter\CodeIgniter->run()
#9 C:\xampp\htdocs\CDEHJ\vendor\codeigniter4\framework\system\Boot.php(67): CodeIgniter\Boot::runCodeIgniter(Object(CodeIgniter\CodeIgniter))
#10 C:\xampp\htdocs\CDEHJ\public\index.php(56): CodeIgniter\Boot::bootWeb(Object(Config\Paths))
#11 C:\xampp\htdocs\CDEHJ\vendor\codeigniter4\framework\system\Commands\Server\rewrite.php(49): require_once('C:\\xampp\\htdocs...')
#12 {main}
CRITICAL - 2024-05-09 11:09:05 --> CodeIgniter\Database\Exceptions\DatabaseException: Unable to connect to the database.
Main connection [MySQLi]: Se produjo un error durante el intento de conexión ya que la parte conectada no respondió adecuadamente tras un periodo de tiempo, o bien se produjo un error en la conexión establecida ya que el host conectado no ha podido responder
[Method: GET, Route: conocenos/estructura]
in SYSTEMPATH\Database\BaseConnection.php on line 457.
 1 SYSTEMPATH\Database\BaseConnection.php(604): CodeIgniter\Database\BaseConnection->initialize()
 2 SYSTEMPATH\Database\BaseBuilder.php(1629): CodeIgniter\Database\BaseConnection->query('SELECT `l`.*, `cet`.*, DATE_FORMAT(COALESCE(l.updated_at, l.created_at), "%d/%m/%Y %h:%i %p") as ultima_modificacion, concat_ws(\' \', `u`.`nombres`, `u`.`ape_paterno`, u.ape_materno) as creador, GROUP_CONCAT(
                            JSON_OBJECT(
                            \'id_archivo_curriculum\', `la`.`id_archivo_curriculum`, \'nombre_archivo\', `la`.`nombre_archivo`, \'ruta_archivo\', la.ruta_archivo
                            )
                        ) as archivos_json
FROM `curriculum` as `l`
JOIN `usuarios` as `u` ON `u`.`id_usuario` = `l`.`created_by`
JOIN `cat_estatus_transparencia` as `cet` ON `cet`.`id_estatus` = `l`.`id_estatus`
LEFT JOIN `curriculum_archivos` as `la` ON `la`.`id_curriculum` = `l`.`id_curriculum`
WHERE `l`.`id_estatus` = :l.id_estatus:
GROUP BY `l`.`id_curriculum`
ORDER BY `l`.`created_at` DESC', [...], false)
 3 APPPATH\Modules\Panel\Pagina\Conocenos\Models\ConocenosModel.php(145): CodeIgniter\Database\BaseBuilder->get()
 4 APPPATH\Modules\Web\Controllers\Conocenos.php(62): App\Modules\Panel\Pagina\Conocenos\Models\ConocenosModel->get_curriculum([...])
 5 SYSTEMPATH\CodeIgniter.php(933): App\Modules\Web\Controllers\Conocenos->estructura()
 6 SYSTEMPATH\CodeIgniter.php(509): CodeIgniter\CodeIgniter->runController(Object(App\Modules\Web\Controllers\Conocenos))
 7 SYSTEMPATH\CodeIgniter.php(355): CodeIgniter\CodeIgniter->handleRequest(null, Object(Config\Cache), false)
 8 SYSTEMPATH\Boot.php(312): CodeIgniter\CodeIgniter->run()
 9 SYSTEMPATH\Boot.php(67): CodeIgniter\Boot::runCodeIgniter(Object(CodeIgniter\CodeIgniter))
10 FCPATH\index.php(56): CodeIgniter\Boot::bootWeb(Object(Config\Paths))
11 SYSTEMPATH\Commands\Server\rewrite.php(49): require_once('C:\\xampp\\htdocs\\CDEHJ\\public\\index.php')
INFO - 2024-05-09 11:09:26 --> Session: Class initialized using 'CodeIgniter\Session\Handlers\FileHandler' driver.
ERROR - 2024-05-09 11:09:36 --> Error connecting to the database: mysqli_sql_exception: Se produjo un error durante el intento de conexión ya que la parte conectada no respondió adecuadamente tras un periodo de tiempo, o bien se produjo un error en la conexión establecida ya que el host conectado no ha podido responder in C:\xampp\htdocs\CDEHJ\vendor\codeigniter4\framework\system\Database\MySQLi\Connection.php:187
Stack trace:
#0 C:\xampp\htdocs\CDEHJ\vendor\codeigniter4\framework\system\Database\MySQLi\Connection.php(187): mysqli->real_connect('200.57.148.184', 'adm-remote', 'Cedhj$2023$', 'esli_db', 3306, '', 0)
#1 C:\xampp\htdocs\CDEHJ\vendor\codeigniter4\framework\system\Database\BaseConnection.php(421): CodeIgniter\Database\MySQLi\Connection->connect(false)
#2 C:\xampp\htdocs\CDEHJ\vendor\codeigniter4\framework\system\Database\BaseConnection.php(604): CodeIgniter\Database\BaseConnection->initialize()
#3 C:\xampp\htdocs\CDEHJ\vendor\codeigniter4\framework\system\Database\BaseBuilder.php(1629): CodeIgniter\Database\BaseConnection->query('SELECT `l`.*, `...', Array, false)
#4 C:\xampp\htdocs\CDEHJ\app\Modules\Panel\Pagina\Conocenos\Models\ConocenosModel.php(145): CodeIgniter\Database\BaseBuilder->get()
#5 C:\xampp\htdocs\CDEHJ\app\Modules\Web\Controllers\Conocenos.php(62): App\Modules\Panel\Pagina\Conocenos\Models\ConocenosModel->get_curriculum(Array)
#6 C:\xampp\htdocs\CDEHJ\vendor\codeigniter4\framework\system\CodeIgniter.php(933): App\Modules\Web\Controllers\Conocenos->estructura()
#7 C:\xampp\htdocs\CDEHJ\vendor\codeigniter4\framework\system\CodeIgniter.php(509): CodeIgniter\CodeIgniter->runController(Object(App\Modules\Web\Controllers\Conocenos))
#8 C:\xampp\htdocs\CDEHJ\vendor\codeigniter4\framework\system\CodeIgniter.php(355): CodeIgniter\CodeIgniter->handleRequest(NULL, Object(Config\Cache), false)
#9 C:\xampp\htdocs\CDEHJ\vendor\codeigniter4\framework\system\Boot.php(312): CodeIgniter\CodeIgniter->run()
#10 C:\xampp\htdocs\CDEHJ\vendor\codeigniter4\framework\system\Boot.php(67): CodeIgniter\Boot::runCodeIgniter(Object(CodeIgniter\CodeIgniter))
#11 C:\xampp\htdocs\CDEHJ\public\index.php(56): CodeIgniter\Boot::bootWeb(Object(Config\Paths))
#12 C:\xampp\htdocs\CDEHJ\vendor\codeigniter4\framework\system\Commands\Server\rewrite.php(49): require_once('C:\\xampp\\htdocs...')
#13 {main}

Next CodeIgniter\Database\Exceptions\DatabaseException: Se produjo un error durante el intento de conexión ya que la parte conectada no respondió adecuadamente tras un periodo de tiempo, o bien se produjo un error en la conexión establecida ya que el host conectado no ha podido responder in C:\xampp\htdocs\CDEHJ\vendor\codeigniter4\framework\system\Database\MySQLi\Connection.php:231
Stack trace:
#0 C:\xampp\htdocs\CDEHJ\vendor\codeigniter4\framework\system\Database\BaseConnection.php(421): CodeIgniter\Database\MySQLi\Connection->connect(false)
#1 C:\xampp\htdocs\CDEHJ\vendor\codeigniter4\framework\system\Database\BaseConnection.php(604): CodeIgniter\Database\BaseConnection->initialize()
#2 C:\xampp\htdocs\CDEHJ\vendor\codeigniter4\framework\system\Database\BaseBuilder.php(1629): CodeIgniter\Database\BaseConnection->query('SELECT `l`.*, `...', Array, false)
#3 C:\xampp\htdocs\CDEHJ\app\Modules\Panel\Pagina\Conocenos\Models\ConocenosModel.php(145): CodeIgniter\Database\BaseBuilder->get()
#4 C:\xampp\htdocs\CDEHJ\app\Modules\Web\Controllers\Conocenos.php(62): App\Modules\Panel\Pagina\Conocenos\Models\ConocenosModel->get_curriculum(Array)
#5 C:\xampp\htdocs\CDEHJ\vendor\codeigniter4\framework\system\CodeIgniter.php(933): App\Modules\Web\Controllers\Conocenos->estructura()
#6 C:\xampp\htdocs\CDEHJ\vendor\codeigniter4\framework\system\CodeIgniter.php(509): CodeIgniter\CodeIgniter->runController(Object(App\Modules\Web\Controllers\Conocenos))
#7 C:\xampp\htdocs\CDEHJ\vendor\codeigniter4\framework\system\CodeIgniter.php(355): CodeIgniter\CodeIgniter->handleRequest(NULL, Object(Config\Cache), false)
#8 C:\xampp\htdocs\CDEHJ\vendor\codeigniter4\framework\system\Boot.php(312): CodeIgniter\CodeIgniter->run()
#9 C:\xampp\htdocs\CDEHJ\vendor\codeigniter4\framework\system\Boot.php(67): CodeIgniter\Boot::runCodeIgniter(Object(CodeIgniter\CodeIgniter))
#10 C:\xampp\htdocs\CDEHJ\public\index.php(56): CodeIgniter\Boot::bootWeb(Object(Config\Paths))
#11 C:\xampp\htdocs\CDEHJ\vendor\codeigniter4\framework\system\Commands\Server\rewrite.php(49): require_once('C:\\xampp\\htdocs...')
#12 {main}
CRITICAL - 2024-05-09 11:09:36 --> CodeIgniter\Database\Exceptions\DatabaseException: Unable to connect to the database.
Main connection [MySQLi]: Se produjo un error durante el intento de conexión ya que la parte conectada no respondió adecuadamente tras un periodo de tiempo, o bien se produjo un error en la conexión establecida ya que el host conectado no ha podido responder
[Method: GET, Route: conocenos/estructura]
in SYSTEMPATH\Database\BaseConnection.php on line 457.
 1 SYSTEMPATH\Database\BaseConnection.php(604): CodeIgniter\Database\BaseConnection->initialize()
 2 SYSTEMPATH\Database\BaseBuilder.php(1629): CodeIgniter\Database\BaseConnection->query('SELECT `l`.*, `cet`.*, DATE_FORMAT(COALESCE(l.updated_at, l.created_at), "%d/%m/%Y %h:%i %p") as ultima_modificacion, concat_ws(\' \', `u`.`nombres`, `u`.`ape_paterno`, u.ape_materno) as creador, GROUP_CONCAT(
                            JSON_OBJECT(
                            \'id_archivo_curriculum\', `la`.`id_archivo_curriculum`, \'nombre_archivo\', `la`.`nombre_archivo`, \'ruta_archivo\', la.ruta_archivo
                            )
                        ) as archivos_json
FROM `curriculum` as `l`
JOIN `usuarios` as `u` ON `u`.`id_usuario` = `l`.`created_by`
JOIN `cat_estatus_transparencia` as `cet` ON `cet`.`id_estatus` = `l`.`id_estatus`
LEFT JOIN `curriculum_archivos` as `la` ON `la`.`id_curriculum` = `l`.`id_curriculum`
WHERE `l`.`id_estatus` = :l.id_estatus:
GROUP BY `l`.`id_curriculum`
ORDER BY `l`.`created_at` DESC', [...], false)
 3 APPPATH\Modules\Panel\Pagina\Conocenos\Models\ConocenosModel.php(145): CodeIgniter\Database\BaseBuilder->get()
 4 APPPATH\Modules\Web\Controllers\Conocenos.php(62): App\Modules\Panel\Pagina\Conocenos\Models\ConocenosModel->get_curriculum([...])
 5 SYSTEMPATH\CodeIgniter.php(933): App\Modules\Web\Controllers\Conocenos->estructura()
 6 SYSTEMPATH\CodeIgniter.php(509): CodeIgniter\CodeIgniter->runController(Object(App\Modules\Web\Controllers\Conocenos))
 7 SYSTEMPATH\CodeIgniter.php(355): CodeIgniter\CodeIgniter->handleRequest(null, Object(Config\Cache), false)
 8 SYSTEMPATH\Boot.php(312): CodeIgniter\CodeIgniter->run()
 9 SYSTEMPATH\Boot.php(67): CodeIgniter\Boot::runCodeIgniter(Object(CodeIgniter\CodeIgniter))
10 FCPATH\index.php(56): CodeIgniter\Boot::bootWeb(Object(Config\Paths))
11 SYSTEMPATH\Commands\Server\rewrite.php(49): require_once('C:\\xampp\\htdocs\\CDEHJ\\public\\index.php')
