INFO - 2024-07-30 14:16:59 --> Session: Class initialized using 'CodeIgniter\Session\Handlers\FileHandler' driver.
INFO - 2024-07-30 14:17:05 --> Session: Class initialized using 'CodeIgniter\Session\Handlers\FileHandler' driver.
WARNING - 2024-07-30 14:17:05 --> Acceso no autorizado a ruta protegida sin sesión: /cuenta/
INFO - 2024-07-30 14:17:06 --> Session: Class initialized using 'CodeIgniter\Session\Handlers\FileHandler' driver.
INFO - 2024-07-30 14:17:16 --> Session: Class initialized using 'CodeIgniter\Session\Handlers\FileHandler' driver.
ERROR - 2024-07-30 14:17:20 --> Error connecting to the database: mysqli_sql_exception: No se puede establecer una conexión ya que el equipo de destino denegó expresamente dicha conexión in C:\xampp\htdocs\ESLIMXrico\vendor\codeigniter4\framework\system\Database\MySQLi\Connection.php:187
Stack trace:
#0 C:\xampp\htdocs\ESLIMXrico\vendor\codeigniter4\framework\system\Database\MySQLi\Connection.php(187): mysqli->real_connect('localhost', 'root', '', 'ESLIMX', 3306, '', 0)
#1 C:\xampp\htdocs\ESLIMXrico\vendor\codeigniter4\framework\system\Database\BaseConnection.php(421): CodeIgniter\Database\MySQLi\Connection->connect(false)
#2 C:\xampp\htdocs\ESLIMXrico\vendor\codeigniter4\framework\system\Database\BaseConnection.php(604): CodeIgniter\Database\BaseConnection->initialize()
#3 C:\xampp\htdocs\ESLIMXrico\vendor\codeigniter4\framework\system\Database\BaseBuilder.php(1629): CodeIgniter\Database\BaseConnection->query('SELECT *\nFROM `...', Array, false)
#4 C:\xampp\htdocs\ESLIMXrico\app\Modules\Auth\Models\CuentaModel.php(104): CodeIgniter\Database\BaseBuilder->get()
#5 C:\xampp\htdocs\ESLIMXrico\app\Modules\Auth\Controllers\Cuenta.php(67): App\Modules\Auth\Models\CuentaModel->verificar_bloqueo('master', '::1')
#6 C:\xampp\htdocs\ESLIMXrico\vendor\codeigniter4\framework\system\CodeIgniter.php(933): App\Modules\Auth\Controllers\Cuenta->post_login()
#7 C:\xampp\htdocs\ESLIMXrico\vendor\codeigniter4\framework\system\CodeIgniter.php(509): CodeIgniter\CodeIgniter->runController(Object(App\Modules\Auth\Controllers\Cuenta))
#8 C:\xampp\htdocs\ESLIMXrico\vendor\codeigniter4\framework\system\CodeIgniter.php(355): CodeIgniter\CodeIgniter->handleRequest(NULL, Object(Config\Cache), false)
#9 C:\xampp\htdocs\ESLIMXrico\vendor\codeigniter4\framework\system\Boot.php(312): CodeIgniter\CodeIgniter->run()
#10 C:\xampp\htdocs\ESLIMXrico\vendor\codeigniter4\framework\system\Boot.php(67): CodeIgniter\Boot::runCodeIgniter(Object(CodeIgniter\CodeIgniter))
#11 C:\xampp\htdocs\ESLIMXrico\public\index.php(56): CodeIgniter\Boot::bootWeb(Object(Config\Paths))
#12 C:\xampp\htdocs\ESLIMXrico\vendor\codeigniter4\framework\system\Commands\Server\rewrite.php(49): require_once('C:\\xampp\\htdocs...')
#13 {main}

Next CodeIgniter\Database\Exceptions\DatabaseException: No se puede establecer una conexión ya que el equipo de destino denegó expresamente dicha conexión in C:\xampp\htdocs\ESLIMXrico\vendor\codeigniter4\framework\system\Database\MySQLi\Connection.php:231
Stack trace:
#0 C:\xampp\htdocs\ESLIMXrico\vendor\codeigniter4\framework\system\Database\BaseConnection.php(421): CodeIgniter\Database\MySQLi\Connection->connect(false)
#1 C:\xampp\htdocs\ESLIMXrico\vendor\codeigniter4\framework\system\Database\BaseConnection.php(604): CodeIgniter\Database\BaseConnection->initialize()
#2 C:\xampp\htdocs\ESLIMXrico\vendor\codeigniter4\framework\system\Database\BaseBuilder.php(1629): CodeIgniter\Database\BaseConnection->query('SELECT *\nFROM `...', Array, false)
#3 C:\xampp\htdocs\ESLIMXrico\app\Modules\Auth\Models\CuentaModel.php(104): CodeIgniter\Database\BaseBuilder->get()
#4 C:\xampp\htdocs\ESLIMXrico\app\Modules\Auth\Controllers\Cuenta.php(67): App\Modules\Auth\Models\CuentaModel->verificar_bloqueo('master', '::1')
#5 C:\xampp\htdocs\ESLIMXrico\vendor\codeigniter4\framework\system\CodeIgniter.php(933): App\Modules\Auth\Controllers\Cuenta->post_login()
#6 C:\xampp\htdocs\ESLIMXrico\vendor\codeigniter4\framework\system\CodeIgniter.php(509): CodeIgniter\CodeIgniter->runController(Object(App\Modules\Auth\Controllers\Cuenta))
#7 C:\xampp\htdocs\ESLIMXrico\vendor\codeigniter4\framework\system\CodeIgniter.php(355): CodeIgniter\CodeIgniter->handleRequest(NULL, Object(Config\Cache), false)
#8 C:\xampp\htdocs\ESLIMXrico\vendor\codeigniter4\framework\system\Boot.php(312): CodeIgniter\CodeIgniter->run()
#9 C:\xampp\htdocs\ESLIMXrico\vendor\codeigniter4\framework\system\Boot.php(67): CodeIgniter\Boot::runCodeIgniter(Object(CodeIgniter\CodeIgniter))
#10 C:\xampp\htdocs\ESLIMXrico\public\index.php(56): CodeIgniter\Boot::bootWeb(Object(Config\Paths))
#11 C:\xampp\htdocs\ESLIMXrico\vendor\codeigniter4\framework\system\Commands\Server\rewrite.php(49): require_once('C:\\xampp\\htdocs...')
#12 {main}
CRITICAL - 2024-07-30 14:17:20 --> CodeIgniter\Database\Exceptions\DatabaseException: Unable to connect to the database.
Main connection [MySQLi]: No se puede establecer una conexión ya que el equipo de destino denegó expresamente dicha conexión
[Method: POST, Route: cuenta/post_login]
in SYSTEMPATH\Database\BaseConnection.php on line 457.
 1 SYSTEMPATH\Database\BaseConnection.php(604): CodeIgniter\Database\BaseConnection->initialize()
 2 SYSTEMPATH\Database\BaseBuilder.php(1629): CodeIgniter\Database\BaseConnection->query('SELECT *
FROM `usuarios_intentos_login`
WHERE `correo` = :correo:
AND `ip_ultimo_intento` = :ip_ultimo_intento:', [...], false)
 3 APPPATH\Modules\Auth\Models\CuentaModel.php(104): CodeIgniter\Database\BaseBuilder->get()
 4 APPPATH\Modules\Auth\Controllers\Cuenta.php(67): App\Modules\Auth\Models\CuentaModel->verificar_bloqueo('master', '::1')
 5 SYSTEMPATH\CodeIgniter.php(933): App\Modules\Auth\Controllers\Cuenta->post_login()
 6 SYSTEMPATH\CodeIgniter.php(509): CodeIgniter\CodeIgniter->runController(Object(App\Modules\Auth\Controllers\Cuenta))
 7 SYSTEMPATH\CodeIgniter.php(355): CodeIgniter\CodeIgniter->handleRequest(null, Object(Config\Cache), false)
 8 SYSTEMPATH\Boot.php(312): CodeIgniter\CodeIgniter->run()
 9 SYSTEMPATH\Boot.php(67): CodeIgniter\Boot::runCodeIgniter(Object(CodeIgniter\CodeIgniter))
10 FCPATH\index.php(56): CodeIgniter\Boot::bootWeb(Object(Config\Paths))
11 SYSTEMPATH\Commands\Server\rewrite.php(49): require_once('C:\\xampp\\htdocs\\ESLIMXrico\\public\\index.php')
INFO - 2024-07-30 14:23:44 --> Session: Class initialized using 'CodeIgniter\Session\Handlers\FileHandler' driver.
INFO - 2024-07-30 14:23:59 --> Session: Class initialized using 'CodeIgniter\Session\Handlers\FileHandler' driver.
INFO - 2024-07-30 14:24:51 --> Session: Class initialized using 'CodeIgniter\Session\Handlers\FileHandler' driver.
CRITICAL - 2024-07-30 14:24:51 --> ErrorException: Undefined property: stdClass::$rol
[Method: POST, Route: cuenta/post_login]
in APPPATH\Modules\Auth\Models\CuentaModel.php on line 80.
 1 APPPATH\Modules\Auth\Models\CuentaModel.php(80): CodeIgniter\Debug\Exceptions->errorHandler(2, 'Undefined property: stdClass::$rol', 'C:\\xampp\\htdocs\\ESLIMXrico\\app\\Modules\\Auth\\Models\\CuentaModel.php', 80)
 2 APPPATH\Modules\Auth\Controllers\Cuenta.php(74): App\Modules\Auth\Models\CuentaModel->auth([...])
 3 SYSTEMPATH\CodeIgniter.php(933): App\Modules\Auth\Controllers\Cuenta->post_login()
 4 SYSTEMPATH\CodeIgniter.php(509): CodeIgniter\CodeIgniter->runController(Object(App\Modules\Auth\Controllers\Cuenta))
 5 SYSTEMPATH\CodeIgniter.php(355): CodeIgniter\CodeIgniter->handleRequest(null, Object(Config\Cache), false)
 6 SYSTEMPATH\Boot.php(312): CodeIgniter\CodeIgniter->run()
 7 SYSTEMPATH\Boot.php(67): CodeIgniter\Boot::runCodeIgniter(Object(CodeIgniter\CodeIgniter))
 8 FCPATH\index.php(56): CodeIgniter\Boot::bootWeb(Object(Config\Paths))
 9 SYSTEMPATH\Commands\Server\rewrite.php(49): require_once('C:\\xampp\\htdocs\\ESLIMXrico\\public\\index.php')
INFO - 2024-07-30 14:24:55 --> Session: Class initialized using 'CodeIgniter\Session\Handlers\FileHandler' driver.
CRITICAL - 2024-07-30 14:24:56 --> ErrorException: Undefined property: stdClass::$rol
[Method: POST, Route: cuenta/post_login]
in APPPATH\Modules\Auth\Models\CuentaModel.php on line 80.
 1 APPPATH\Modules\Auth\Models\CuentaModel.php(80): CodeIgniter\Debug\Exceptions->errorHandler(2, 'Undefined property: stdClass::$rol', 'C:\\xampp\\htdocs\\ESLIMXrico\\app\\Modules\\Auth\\Models\\CuentaModel.php', 80)
 2 APPPATH\Modules\Auth\Controllers\Cuenta.php(74): App\Modules\Auth\Models\CuentaModel->auth([...])
 3 SYSTEMPATH\CodeIgniter.php(933): App\Modules\Auth\Controllers\Cuenta->post_login()
 4 SYSTEMPATH\CodeIgniter.php(509): CodeIgniter\CodeIgniter->runController(Object(App\Modules\Auth\Controllers\Cuenta))
 5 SYSTEMPATH\CodeIgniter.php(355): CodeIgniter\CodeIgniter->handleRequest(null, Object(Config\Cache), false)
 6 SYSTEMPATH\Boot.php(312): CodeIgniter\CodeIgniter->run()
 7 SYSTEMPATH\Boot.php(67): CodeIgniter\Boot::runCodeIgniter(Object(CodeIgniter\CodeIgniter))
 8 FCPATH\index.php(56): CodeIgniter\Boot::bootWeb(Object(Config\Paths))
 9 SYSTEMPATH\Commands\Server\rewrite.php(49): require_once('C:\\xampp\\htdocs\\ESLIMXrico\\public\\index.php')
INFO - 2024-07-30 14:25:05 --> Session: Class initialized using 'CodeIgniter\Session\Handlers\FileHandler' driver.
INFO - 2024-07-30 14:25:35 --> Session: Class initialized using 'CodeIgniter\Session\Handlers\FileHandler' driver.
CRITICAL - 2024-07-30 14:25:35 --> ErrorException: Undefined property: stdClass::$rol
[Method: POST, Route: cuenta/post_login]
in APPPATH\Modules\Auth\Models\CuentaModel.php on line 80.
 1 APPPATH\Modules\Auth\Models\CuentaModel.php(80): CodeIgniter\Debug\Exceptions->errorHandler(2, 'Undefined property: stdClass::$rol', 'C:\\xampp\\htdocs\\ESLIMXrico\\app\\Modules\\Auth\\Models\\CuentaModel.php', 80)
 2 APPPATH\Modules\Auth\Controllers\Cuenta.php(74): App\Modules\Auth\Models\CuentaModel->auth([...])
 3 SYSTEMPATH\CodeIgniter.php(933): App\Modules\Auth\Controllers\Cuenta->post_login()
 4 SYSTEMPATH\CodeIgniter.php(509): CodeIgniter\CodeIgniter->runController(Object(App\Modules\Auth\Controllers\Cuenta))
 5 SYSTEMPATH\CodeIgniter.php(355): CodeIgniter\CodeIgniter->handleRequest(null, Object(Config\Cache), false)
 6 SYSTEMPATH\Boot.php(312): CodeIgniter\CodeIgniter->run()
 7 SYSTEMPATH\Boot.php(67): CodeIgniter\Boot::runCodeIgniter(Object(CodeIgniter\CodeIgniter))
 8 FCPATH\index.php(56): CodeIgniter\Boot::bootWeb(Object(Config\Paths))
 9 SYSTEMPATH\Commands\Server\rewrite.php(49): require_once('C:\\xampp\\htdocs\\ESLIMXrico\\public\\index.php')
INFO - 2024-07-30 14:26:34 --> Session: Class initialized using 'CodeIgniter\Session\Handlers\FileHandler' driver.
INFO - 2024-07-30 14:26:42 --> Session: Class initialized using 'CodeIgniter\Session\Handlers\FileHandler' driver.
CRITICAL - 2024-07-30 14:26:42 --> ErrorException: Undefined property: stdClass::$soporte
[Method: POST, Route: cuenta/post_login]
in APPPATH\Modules\Auth\Models\CuentaModel.php on line 81.
 1 APPPATH\Modules\Auth\Models\CuentaModel.php(81): CodeIgniter\Debug\Exceptions->errorHandler(2, 'Undefined property: stdClass::$soporte', 'C:\\xampp\\htdocs\\ESLIMXrico\\app\\Modules\\Auth\\Models\\CuentaModel.php', 81)
 2 APPPATH\Modules\Auth\Controllers\Cuenta.php(74): App\Modules\Auth\Models\CuentaModel->auth([...])
 3 SYSTEMPATH\CodeIgniter.php(933): App\Modules\Auth\Controllers\Cuenta->post_login()
 4 SYSTEMPATH\CodeIgniter.php(509): CodeIgniter\CodeIgniter->runController(Object(App\Modules\Auth\Controllers\Cuenta))
 5 SYSTEMPATH\CodeIgniter.php(355): CodeIgniter\CodeIgniter->handleRequest(null, Object(Config\Cache), false)
 6 SYSTEMPATH\Boot.php(312): CodeIgniter\CodeIgniter->run()
 7 SYSTEMPATH\Boot.php(67): CodeIgniter\Boot::runCodeIgniter(Object(CodeIgniter\CodeIgniter))
 8 FCPATH\index.php(56): CodeIgniter\Boot::bootWeb(Object(Config\Paths))
 9 SYSTEMPATH\Commands\Server\rewrite.php(49): require_once('C:\\xampp\\htdocs\\ESLIMXrico\\public\\index.php')
INFO - 2024-07-30 14:28:11 --> Session: Class initialized using 'CodeIgniter\Session\Handlers\FileHandler' driver.
INFO - 2024-07-30 14:28:14 --> Session: Class initialized using 'CodeIgniter\Session\Handlers\FileHandler' driver.
CRITICAL - 2024-07-30 14:28:14 --> ErrorException: Undefined property: stdClass::$id_oficina_regional
[Method: POST, Route: cuenta/post_login]
in APPPATH\Modules\Auth\Models\CuentaModel.php on line 80.
 1 APPPATH\Modules\Auth\Models\CuentaModel.php(80): CodeIgniter\Debug\Exceptions->errorHandler(2, 'Undefined property: stdClass::$id_oficina_regional', 'C:\\xampp\\htdocs\\ESLIMXrico\\app\\Modules\\Auth\\Models\\CuentaModel.php', 80)
 2 APPPATH\Modules\Auth\Controllers\Cuenta.php(74): App\Modules\Auth\Models\CuentaModel->auth([...])
 3 SYSTEMPATH\CodeIgniter.php(933): App\Modules\Auth\Controllers\Cuenta->post_login()
 4 SYSTEMPATH\CodeIgniter.php(509): CodeIgniter\CodeIgniter->runController(Object(App\Modules\Auth\Controllers\Cuenta))
 5 SYSTEMPATH\CodeIgniter.php(355): CodeIgniter\CodeIgniter->handleRequest(null, Object(Config\Cache), false)
 6 SYSTEMPATH\Boot.php(312): CodeIgniter\CodeIgniter->run()
 7 SYSTEMPATH\Boot.php(67): CodeIgniter\Boot::runCodeIgniter(Object(CodeIgniter\CodeIgniter))
 8 FCPATH\index.php(56): CodeIgniter\Boot::bootWeb(Object(Config\Paths))
 9 SYSTEMPATH\Commands\Server\rewrite.php(49): require_once('C:\\xampp\\htdocs\\ESLIMXrico\\public\\index.php')
INFO - 2024-07-30 14:28:22 --> Session: Class initialized using 'CodeIgniter\Session\Handlers\FileHandler' driver.
CRITICAL - 2024-07-30 14:28:22 --> ErrorException: Undefined property: stdClass::$id_oficina_regional
[Method: POST, Route: cuenta/post_login]
in APPPATH\Modules\Auth\Models\CuentaModel.php on line 80.
 1 APPPATH\Modules\Auth\Models\CuentaModel.php(80): CodeIgniter\Debug\Exceptions->errorHandler(2, 'Undefined property: stdClass::$id_oficina_regional', 'C:\\xampp\\htdocs\\ESLIMXrico\\app\\Modules\\Auth\\Models\\CuentaModel.php', 80)
 2 APPPATH\Modules\Auth\Controllers\Cuenta.php(74): App\Modules\Auth\Models\CuentaModel->auth([...])
 3 SYSTEMPATH\CodeIgniter.php(933): App\Modules\Auth\Controllers\Cuenta->post_login()
 4 SYSTEMPATH\CodeIgniter.php(509): CodeIgniter\CodeIgniter->runController(Object(App\Modules\Auth\Controllers\Cuenta))
 5 SYSTEMPATH\CodeIgniter.php(355): CodeIgniter\CodeIgniter->handleRequest(null, Object(Config\Cache), false)
 6 SYSTEMPATH\Boot.php(312): CodeIgniter\CodeIgniter->run()
 7 SYSTEMPATH\Boot.php(67): CodeIgniter\Boot::runCodeIgniter(Object(CodeIgniter\CodeIgniter))
 8 FCPATH\index.php(56): CodeIgniter\Boot::bootWeb(Object(Config\Paths))
 9 SYSTEMPATH\Commands\Server\rewrite.php(49): require_once('C:\\xampp\\htdocs\\ESLIMXrico\\public\\index.php')
INFO - 2024-07-30 14:28:47 --> Session: Class initialized using 'CodeIgniter\Session\Handlers\FileHandler' driver.
INFO - 2024-07-30 14:28:50 --> Session: Class initialized using 'CodeIgniter\Session\Handlers\FileHandler' driver.
INFO - 2024-07-30 14:28:52 --> Session: Class initialized using 'CodeIgniter\Session\Handlers\FileHandler' driver.
INFO - 2024-07-30 14:28:52 --> Usuario con contraseña por defecto intentando acceder a: /cuenta
INFO - 2024-07-30 14:28:52 --> Session: Class initialized using 'CodeIgniter\Session\Handlers\FileHandler' driver.
INFO - 2024-07-30 14:29:17 --> Session: Class initialized using 'CodeIgniter\Session\Handlers\FileHandler' driver.
INFO - 2024-07-30 14:29:20 --> Session: Class initialized using 'CodeIgniter\Session\Handlers\FileHandler' driver.
INFO - 2024-07-30 14:29:20 --> Session: Class initialized using 'CodeIgniter\Session\Handlers\FileHandler' driver.
INFO - 2024-07-30 14:29:20 --> Usuario ya logueado intentando acceder a ruta pública: /cuenta
INFO - 2024-07-30 14:29:20 --> Session: Class initialized using 'CodeIgniter\Session\Handlers\FileHandler' driver.
